#
# There is insufficient memory for the Java Runtime Environment to continue.
# Native memory allocation (mmap) failed to map 713031680 bytes for Failed to commit area from 0x0000000095400000 to 0x00000000bfc00000 of length 713031680.
# Possible reasons:
#   The system is out of physical RAM or swap space
#   The process is running with CompressedOops enabled, and the Java Heap may be blocking the growth of the native heap
# Possible solutions:
#   Reduce memory load on the system
#   Increase physical memory or swap space
#   Check if swap backing store is full
#   Decrease Java heap size (-Xmx/-Xms)
#   Decrease number of Java threads
#   Decrease Java thread stack sizes (-Xss)
#   Set larger code cache with -XX:ReservedCodeCacheSize=
#   JVM is running with Unscaled Compressed Oops mode in which the Java heap is
#     placed in the first 4GB address space. The Java Heap base address is the
#     maximum limit for the native heap growth. Please use -XX:HeapBaseMinAddress
#     to set the Java Heap base and to place the Java Heap above 4GB virtual address.
# This output file may be truncated or incomplete.
#
#  Out of Memory Error (./src/hotspot/os/windows/os_windows.cpp:3301), pid=4604, tid=7112
#
# JRE version: OpenJDK Runtime Environment (11.0.10) (build 11.0.10+0-b96-7249189)
# Java VM: OpenJDK 64-Bit Server VM (11.0.10+0-b96-7249189, mixed mode, tiered, compressed oops, g1 gc, windows-amd64)
# No core dump will be written. Minidumps are not enabled by default on client versions of Windows
#

---------------  S U M M A R Y ------------

Command Line: --add-opens=java.base/java.util=ALL-UNNAMED --add-opens=java.base/java.lang=ALL-UNNAMED --add-opens=java.base/java.lang.invoke=ALL-UNNAMED --add-opens=java.prefs/java.util.prefs=ALL-UNNAMED -Xmx2048m -Dfile.encoding=UTF-8 -Duser.country=US -Duser.language=en -Duser.variant org.gradle.launcher.daemon.bootstrap.GradleDaemon 6.7.1

Host: Intel(R) Core(TM) i3 CPU       M 370  @ 2.40GHz, 4 cores, 2G,  Windows 7 , 64 bit Build 7601 (6.1.7601.24545)
Time: Sun Nov  7 11:45:10 2021 India Standard Time elapsed time: 165.558604 seconds (0d 0h 2m 45s)

---------------  T H R E A D  ---------------

Current thread (0x000000005d8b6800):  VMThread "VM Thread" [stack: 0x000000001cda0000,0x000000001cea0000] [id=7112]

Stack: [0x000000001cda0000,0x000000001cea0000]
[error occurred during error reporting (printing stack bounds), id 0xc0000005, EXCEPTION_ACCESS_VIOLATION (0xc0000005) at pc=0x0000000006020f3d]

Native frames: (J=compiled Java code, j=interpreted, Vv=VM code, C=native code)
V  [jvm.dll+0x5ecfaa]
V  [jvm.dll+0x722bd5]
V  [jvm.dll+0x72412d]
V  [jvm.dll+0x724745]
V  [jvm.dll+0x7246fb]
V  [jvm.dll+0x5ec348]
V  [jvm.dll+0x5ecad8]
C  [ntdll.dll+0x6be9d]
C  [ntdll.dll+0x4040a]
C  [ntdll.dll+0x6b53e]
C  0x0000000006020f3d

VM_Operation (0x00000000699de080): G1CollectForAllocation, mode: safepoint, requested by thread 0x000000006341d800


---------------  P R O C E S S  ---------------

Threads class SMR info:
_java_thread_list=0x0000000063708ef0, length=54, elements={
0x00000000004c6800, 0x000000005d8b8800, 0x000000005d8c2000, 0x000000005d8ce800,
0x000000005d8d1800, 0x000000005d8d4800, 0x000000005d8dc000, 0x000000005d8dd000,
0x000000005d8f6800, 0x000000005e659000, 0x0000000060789000, 0x000000005e7a0800,
0x000000005e74b800, 0x000000005e75b800, 0x000000005e75f000, 0x000000005e974800,
0x000000005e7c0000, 0x000000005f4ec800, 0x000000005fe13000, 0x000000005fe14000,
0x000000005fe14800, 0x000000005fe15800, 0x000000005fe16800, 0x000000005fe17000,
0x000000005fe18000, 0x000000005fe18800, 0x000000005fe19800, 0x000000005e78b000,
0x0000000063419800, 0x000000006341a000, 0x000000006341b000, 0x000000006341c000,
0x000000006341c800, 0x00000000634d1800, 0x00000000634d3000, 0x00000000634d4000,
0x00000000634d4800, 0x00000000634d5800, 0x00000000634d6000, 0x000000006442d000,
0x000000006442e000, 0x000000006442f800, 0x0000000064430800, 0x0000000064431000,
0x0000000064432000, 0x00000000634d0800, 0x00000000634cf800, 0x0000000063420000,
0x000000006341e800, 0x000000006341f000, 0x000000006341d800, 0x0000000064432800,
0x0000000064433800, 0x000000005e78a000
}

Java Threads: ( => current thread )
  0x00000000004c6800 JavaThread "main" [_thread_blocked, id=5824, stack(0x00000000021a0000,0x00000000022a0000)]
  0x000000005d8b8800 JavaThread "Reference Handler" daemon [_thread_blocked, id=2532, stack(0x000000005dac0000,0x000000005dbc0000)]
  0x000000005d8c2000 JavaThread "Finalizer" daemon [_thread_blocked, id=4704, stack(0x000000005d9c0000,0x000000005dac0000)]
  0x000000005d8ce800 JavaThread "Signal Dispatcher" daemon [_thread_blocked, id=6652, stack(0x000000005dc10000,0x000000005dd10000)]
  0x000000005d8d1800 JavaThread "Attach Listener" daemon [_thread_blocked, id=3100, stack(0x000000005ddc0000,0x000000005dec0000)]
  0x000000005d8d4800 JavaThread "Service Thread" daemon [_thread_blocked, id=6160, stack(0x000000005e030000,0x000000005e130000)]
  0x000000005d8dc000 JavaThread "C2 CompilerThread0" daemon [_thread_blocked, id=5128, stack(0x000000005e200000,0x000000005e300000)]
  0x000000005d8dd000 JavaThread "C1 CompilerThread0" daemon [_thread_blocked, id=5924, stack(0x000000005e390000,0x000000005e490000)]
  0x000000005d8f6800 JavaThread "Sweeper thread" daemon [_thread_blocked, id=3384, stack(0x000000005e4a0000,0x000000005e5a0000)]
  0x000000005e659000 JavaThread "Common-Cleaner" daemon [_thread_blocked, id=6984, stack(0x000000005eab0000,0x000000005ebb0000)]
  0x0000000060789000 JavaThread "Daemon health stats" [_thread_blocked, id=6104, stack(0x000000005e9b0000,0x000000005eab0000)]
  0x000000005e7a0800 JavaThread "Incoming local TCP Connector on port 62693" [_thread_in_native, id=6216, stack(0x0000000061730000,0x0000000061830000)]
  0x000000005e74b800 JavaThread "Daemon periodic checks" [_thread_blocked, id=5020, stack(0x00000000618b0000,0x00000000619b0000)]
  0x000000005e75b800 JavaThread "Daemon" [_thread_blocked, id=5096, stack(0x0000000061bf0000,0x0000000061cf0000)]
  0x000000005e75f000 JavaThread "Handler for socket connection from /127.0.0.1:62693 to /127.0.0.1:62694" [_thread_in_native, id=3308, stack(0x0000000061d70000,0x0000000061e70000)]
  0x000000005e974800 JavaThread "Cancel handler" [_thread_blocked, id=5448, stack(0x0000000061f40000,0x0000000062040000)]
  0x000000005e7c0000 JavaThread "Daemon worker" [_thread_blocked, id=4444, stack(0x0000000062090000,0x0000000062190000)]
  0x000000005f4ec800 JavaThread "Asynchronous log dispatcher for DefaultDaemonConnection: socket connection from /127.0.0.1:62693 to /127.0.0.1:62694" [_thread_blocked, id=6152, stack(0x0000000061240000,0x0000000061340000)]
  0x000000005fe13000 JavaThread "Thread-8" [_thread_blocked, id=5696, stack(0x0000000062450000,0x0000000062550000)]
  0x000000005fe14000 JavaThread "Cache worker for file hash cache (C:\Users\PC\.gradle\caches\6.7.1\fileHashes)" [_thread_blocked, id=5164, stack(0x00000000628e0000,0x00000000629e0000)]
  0x000000005fe14800 JavaThread "File lock request listener" [_thread_in_native, id=1148, stack(0x0000000061620000,0x0000000061720000)]
  0x000000005fe15800 JavaThread "Cache worker for journal cache (C:\Users\PC\.gradle\caches\journal-1)" [_thread_blocked, id=5224, stack(0x0000000062d10000,0x0000000062e10000)]
  0x000000005fe16800 JavaThread "Cache worker for file hash cache (E:\CheckUrDoc\.gradle\6.7.1\fileHashes)" [_thread_blocked, id=4304, stack(0x0000000065140000,0x0000000065240000)]
  0x000000005fe17000 JavaThread "Cache worker for checksums cache (E:\CheckUrDoc\.gradle\checksums)" [_thread_blocked, id=5416, stack(0x00000000627c0000,0x00000000628c0000)]
  0x000000005fe18000 JavaThread "Cache worker for cache directory md-supplier (C:\Users\PC\.gradle\caches\6.7.1\md-supplier)" [_thread_blocked, id=3916, stack(0x0000000062bf0000,0x0000000062cf0000)]
  0x000000005fe18800 JavaThread "Cache worker for cache directory md-rule (C:\Users\PC\.gradle\caches\6.7.1\md-rule)" [_thread_blocked, id=7124, stack(0x0000000064fb0000,0x00000000650b0000)]
  0x000000005fe19800 JavaThread "Cache worker for execution history cache (C:\Users\PC\.gradle\caches\6.7.1\executionHistory)" [_thread_blocked, id=3120, stack(0x0000000065780000,0x0000000065880000)]
  0x000000005e78b000 JavaThread "Cache worker for file content cache (C:\Users\PC\.gradle\caches\6.7.1\fileContent)" [_thread_blocked, id=6804, stack(0x0000000066030000,0x0000000066130000)]
  0x0000000063419800 JavaThread "Cache worker for Build Output Cleanup Cache (E:\CheckUrDoc\.gradle\buildOutputCleanup)" [_thread_blocked, id=5276, stack(0x0000000067740000,0x0000000067840000)]
  0x000000006341a000 JavaThread "Build operations" [_thread_blocked, id=6580, stack(0x0000000067a80000,0x0000000067b80000)]
  0x000000006341b000 JavaThread "Build operations Thread 2" [_thread_blocked, id=5444, stack(0x0000000067d00000,0x0000000067e00000)]
  0x000000006341c000 JavaThread "Build operations Thread 3" [_thread_blocked, id=4660, stack(0x0000000062350000,0x0000000062450000)]
  0x000000006341c800 JavaThread "Build operations Thread 4" [_thread_blocked, id=1492, stack(0x0000000067eb0000,0x0000000067fb0000)]
  0x00000000634d1800 JavaThread "Memory manager" [_thread_blocked, id=3856, stack(0x0000000070850000,0x0000000070950000)]
  0x00000000634d3000 JavaThread "build event listener" [_thread_blocked, id=2636, stack(0x000000006fa20000,0x000000006fb20000)]
  0x00000000634d4000 JavaThread "pool-3-thread-1" [_thread_blocked, id=2528, stack(0x000000006f810000,0x000000006f910000)]
  0x00000000634d4800 JavaThread "build event listener" [_thread_blocked, id=5272, stack(0x0000000072bb0000,0x0000000072cb0000)]
  0x00000000634d5800 JavaThread "Execution worker for ':'" [_thread_blocked, id=2552, stack(0x000000006d9a0000,0x000000006daa0000)]
  0x00000000634d6000 JavaThread "Execution worker for ':' Thread 2" [_thread_blocked, id=2448, stack(0x00000000715a0000,0x00000000716a0000)]
  0x000000006442d000 JavaThread "Execution worker for ':' Thread 3" [_thread_blocked, id=5520, stack(0x0000000072e00000,0x0000000072f00000)]
  0x000000006442e000 JavaThread "Cache worker for execution history cache (E:\CheckUrDoc\.gradle\6.7.1\executionHistory)" [_thread_blocked, id=5936, stack(0x0000000072ff0000,0x00000000730f0000)]
  0x000000006442f800 JavaThread "WorkerExecutor Queue Thread 2" [_thread_blocked, id=6320, stack(0x0000000062240000,0x0000000062340000)]
  0x0000000064430800 JavaThread "pool-4-thread-1" [_thread_blocked, id=3016, stack(0x0000000073ab0000,0x0000000073bb0000)]
  0x0000000064431000 JavaThread "stderr" [_thread_in_native, id=4328, stack(0x0000000073c10000,0x0000000073d10000)]
  0x0000000064432000 JavaThread "stdout" [_thread_in_native, id=5168, stack(0x0000000073d70000,0x0000000073e70000)]
  0x00000000634d0800 JavaThread "Cache worker for Java compile cache (C:\Users\PC\.gradle\caches\6.7.1\javaCompile)" [_thread_blocked, id=4656, stack(0x0000000065660000,0x0000000065760000)]
  0x00000000634cf800 JavaThread "Cache worker for Java compile cache (E:\CheckUrDoc\.gradle\6.7.1\javaCompile)" [_thread_blocked, id=2268, stack(0x0000000067bc0000,0x0000000067cc0000)]
  0x0000000063420000 JavaThread "WorkerExecutor Queue Thread 3" [_thread_blocked, id=4680, stack(0x0000000068a00000,0x0000000068b00000)]
  0x000000006341e800 JavaThread "WorkerExecutor Queue Thread 4" [_thread_blocked, id=6672, stack(0x0000000068b30000,0x0000000068c30000)]
  0x000000006341f000 JavaThread "WorkerExecutor Queue Thread 6" [_thread_blocked, id=5876, stack(0x0000000069540000,0x0000000069640000)]
  0x000000006341d800 JavaThread "ForkJoinPool-1-worker-3" daemon [_thread_blocked, id=5756, stack(0x00000000698e0000,0x00000000699e0000)]
  0x0000000064432800 JavaThread "ForkJoinPool-1-worker-5" daemon [_thread_blocked, id=2484, stack(0x0000000069430000,0x0000000069530000)]
  0x0000000064433800 JavaThread "ForkJoinPool-1-worker-7" daemon [_thread_blocked, id=5240, stack(0x0000000069a30000,0x0000000069b30000)]
  0x000000005e78a000 JavaThread "ForkJoinPool-1-worker-1" daemon [_thread_blocked, id=5816, stack(0x00000000613b0000,0x00000000614b0000)]

Other Threads:
=>0x000000005d8b6800 VMThread "VM Thread" [stack: 0x000000001cda0000,0x000000001cea0000] [id=7112]
  0x000000005e66a000 WatcherThread [stack: 0x000000005ec00000,0x000000005ed00000] [id=120]
  0x00000000004e1000 GCTaskThread "GC Thread#0" [stack: 0x00000000152d0000,0x00000000153d0000] [id=6500]
  0x000000005f0ad800 GCTaskThread "GC Thread#1" [stack: 0x000000005f7a0000,0x000000005f8a0000] [id=1996]
  0x0000000060193000 GCTaskThread "GC Thread#2" [stack: 0x000000005ed80000,0x000000005ee80000] [id=6336]
  0x00000000606e9800 GCTaskThread "GC Thread#3" [stack: 0x0000000060f10000,0x0000000061010000] [id=7156]
  0x0000000000512800 ConcurrentGCThread "G1 Main Marker" [stack: 0x000000001a590000,0x000000001a690000] [id=6796]
  0x0000000000514000 ConcurrentGCThread "G1 Conc#0" [stack: 0x000000001a690000,0x000000001a790000] [id=3144]
  0x000000001cac8800 ConcurrentGCThread "G1 Refine#0" [stack: 0x000000001cc10000,0x000000001cd10000] [id=3748]
  0x0000000066758800 ConcurrentGCThread "G1 Refine#1" [stack: 0x000000006ac40000,0x000000006ad40000] [id=2200]
  0x000000001cac9000 ConcurrentGCThread "G1 Young RemSet Sampling" [stack: 0x000000001cec0000,0x000000001cfc0000] [id=5624]

Threads with active compile tasks:
C2 CompilerThread0 166428 13744       4       com.android.tools.r8.graph.E::a (32 bytes)

VM state:at safepoint (normal execution)

VM Mutex/Monitor currently owned by a thread:  ([mutex/lock_event])
[0x00000000004a2ae0] Threads_lock - owner thread: 0x000000005d8b6800
[0x00000000004c49e0] Heap_lock - owner thread: 0x000000006341d800

Heap address: 0x0000000080000000, size: 2048 MB, Compressed Oops mode: 32-bit
Narrow klass base: 0x0000000000000000, Narrow klass shift: 0
Compressed class space size: 1073741824 Address: 0x000000001cfc0000

Heap:
 garbage-first heap   total 1044480K, used 177017K [0x0000000080000000, 0x0000000100000000)
  region size 1024K, 2 young (2048K), 2 survivors (2048K)
 Metaspace       used 104859K, capacity 107535K, committed 108288K, reserved 1142784K
  class space    used 13534K, capacity 14562K, committed 14848K, reserved 1048576K
Heap Regions: E=young(eden), S=young(survivor), O=old, HS=humongous(starts), HC=humongous(continues), CS=collection set, F=free, A=archive, TAMS=top-at-mark-start (previous, next)
|   0|0x0000000080000000, 0x0000000080100000, 0x0000000080100000|100%| O|  |TAMS 0x0000000080100000, 0x0000000080000000| Untracked 
|   1|0x0000000080100000, 0x0000000080200000, 0x0000000080200000|100%| O|  |TAMS 0x0000000080200000, 0x0000000080100000| Untracked 
|   2|0x0000000080200000, 0x0000000080300000, 0x0000000080300000|100%| O|  |TAMS 0x0000000080300000, 0x0000000080200000| Untracked 
|   3|0x0000000080300000, 0x0000000080400000, 0x0000000080400000|100%|HS|  |TAMS 0x0000000080400000, 0x0000000080300000| Complete 
|   4|0x0000000080400000, 0x0000000080500000, 0x0000000080500000|100%|HC|  |TAMS 0x0000000080500000, 0x0000000080400000| Complete 
|   5|0x0000000080500000, 0x0000000080600000, 0x0000000080600000|100%|HC|  |TAMS 0x0000000080600000, 0x0000000080500000| Complete 
|   6|0x0000000080600000, 0x0000000080700000, 0x0000000080700000|100%| O|  |TAMS 0x0000000080700000, 0x0000000080600000| Untracked 
|   7|0x0000000080700000, 0x0000000080800000, 0x0000000080800000|100%| O|  |TAMS 0x0000000080800000, 0x0000000080700000| Untracked 
|   8|0x0000000080800000, 0x0000000080900000, 0x0000000080900000|100%| O|  |TAMS 0x0000000080900000, 0x0000000080800000| Untracked 
|   9|0x0000000080900000, 0x0000000080a00000, 0x0000000080a00000|100%| O|  |TAMS 0x0000000080a00000, 0x0000000080900000| Untracked 
|  10|0x0000000080a00000, 0x0000000080b00000, 0x0000000080b00000|100%| O|  |TAMS 0x0000000080b00000, 0x0000000080a00000| Untracked 
|  11|0x0000000080b00000, 0x0000000080c00000, 0x0000000080c00000|100%| O|  |TAMS 0x0000000080c00000, 0x0000000080b00000| Untracked 
|  12|0x0000000080c00000, 0x0000000080d00000, 0x0000000080d00000|100%| O|  |TAMS 0x0000000080d00000, 0x0000000080c00000| Untracked 
|  13|0x0000000080d00000, 0x0000000080e00000, 0x0000000080e00000|100%| O|  |TAMS 0x0000000080e00000, 0x0000000080d00000| Untracked 
|  14|0x0000000080e00000, 0x0000000080f00000, 0x0000000080f00000|100%| O|  |TAMS 0x0000000080f00000, 0x0000000080e00000| Untracked 
|  15|0x0000000080f00000, 0x0000000081000000, 0x0000000081000000|100%| O|  |TAMS 0x0000000081000000, 0x0000000080f00000| Untracked 
|  16|0x0000000081000000, 0x0000000081100000, 0x0000000081100000|100%| O|  |TAMS 0x0000000081100000, 0x0000000081000000| Untracked 
|  17|0x0000000081100000, 0x0000000081200000, 0x0000000081200000|100%| O|  |TAMS 0x0000000081200000, 0x0000000081100000| Untracked 
|  18|0x0000000081200000, 0x0000000081300000, 0x0000000081300000|100%| O|  |TAMS 0x0000000081300000, 0x0000000081200000| Untracked 
|  19|0x0000000081300000, 0x0000000081400000, 0x0000000081400000|100%| O|  |TAMS 0x0000000081400000, 0x0000000081300000| Untracked 
|  20|0x0000000081400000, 0x0000000081500000, 0x0000000081500000|100%| O|  |TAMS 0x0000000081500000, 0x0000000081400000| Untracked 
|  21|0x0000000081500000, 0x0000000081600000, 0x0000000081600000|100%| O|  |TAMS 0x0000000081600000, 0x0000000081500000| Untracked 
|  22|0x0000000081600000, 0x0000000081700000, 0x0000000081700000|100%| O|  |TAMS 0x0000000081700000, 0x0000000081600000| Untracked 
|  23|0x0000000081700000, 0x0000000081800000, 0x0000000081800000|100%| O|  |TAMS 0x0000000081800000, 0x0000000081700000| Untracked 
|  24|0x0000000081800000, 0x0000000081900000, 0x0000000081900000|100%| O|  |TAMS 0x0000000081900000, 0x0000000081800000| Untracked 
|  25|0x0000000081900000, 0x0000000081a00000, 0x0000000081a00000|100%| O|  |TAMS 0x0000000081a00000, 0x0000000081900000| Untracked 
|  26|0x0000000081a00000, 0x0000000081b00000, 0x0000000081b00000|100%| O|  |TAMS 0x0000000081b00000, 0x0000000081a00000| Untracked 
|  27|0x0000000081b00000, 0x0000000081c00000, 0x0000000081c00000|100%| O|  |TAMS 0x0000000081c00000, 0x0000000081b00000| Untracked 
|  28|0x0000000081c00000, 0x0000000081d00000, 0x0000000081d00000|100%|HS|  |TAMS 0x0000000081d00000, 0x0000000081c00000| Complete 
|  29|0x0000000081d00000, 0x0000000081e00000, 0x0000000081e00000|100%| O|  |TAMS 0x0000000081e00000, 0x0000000081d00000| Untracked 
|  30|0x0000000081e00000, 0x0000000081f00000, 0x0000000081f00000|100%| O|  |TAMS 0x0000000081f00000, 0x0000000081e00000| Untracked 
|  31|0x0000000081f00000, 0x0000000082000000, 0x0000000082000000|100%|HS|  |TAMS 0x0000000082000000, 0x0000000081f00000| Complete 
|  32|0x0000000082000000, 0x0000000082100000, 0x0000000082100000|100%|HC|  |TAMS 0x0000000082100000, 0x0000000082000000| Complete 
|  33|0x0000000082100000, 0x0000000082200000, 0x0000000082200000|100%| O|  |TAMS 0x0000000082200000, 0x0000000082100000| Untracked 
|  34|0x0000000082200000, 0x0000000082300000, 0x0000000082300000|100%| O|  |TAMS 0x0000000082300000, 0x0000000082200000| Untracked 
|  35|0x0000000082300000, 0x0000000082400000, 0x0000000082400000|100%| O|  |TAMS 0x0000000082400000, 0x0000000082300000| Untracked 
|  36|0x0000000082400000, 0x0000000082500000, 0x0000000082500000|100%| O|  |TAMS 0x0000000082500000, 0x0000000082400000| Untracked 
|  37|0x0000000082500000, 0x0000000082600000, 0x0000000082600000|100%| O|  |TAMS 0x0000000082600000, 0x0000000082500000| Untracked 
|  38|0x0000000082600000, 0x0000000082700000, 0x0000000082700000|100%| O|  |TAMS 0x0000000082700000, 0x0000000082600000| Untracked 
|  39|0x0000000082700000, 0x0000000082800000, 0x0000000082800000|100%| O|  |TAMS 0x0000000082800000, 0x0000000082700000| Untracked 
|  40|0x0000000082800000, 0x0000000082900000, 0x0000000082900000|100%| O|  |TAMS 0x0000000082900000, 0x0000000082800000| Untracked 
|  41|0x0000000082900000, 0x0000000082a00000, 0x0000000082a00000|100%| O|  |TAMS 0x0000000082a00000, 0x0000000082900000| Untracked 
|  42|0x0000000082a00000, 0x0000000082b00000, 0x0000000082b00000|100%| O|  |TAMS 0x0000000082b00000, 0x0000000082a00000| Untracked 
|  43|0x0000000082b00000, 0x0000000082c00000, 0x0000000082c00000|100%| O|  |TAMS 0x0000000082c00000, 0x0000000082b00000| Untracked 
|  44|0x0000000082c00000, 0x0000000082d00000, 0x0000000082d00000|100%| O|  |TAMS 0x0000000082d00000, 0x0000000082c00000| Untracked 
|  45|0x0000000082d00000, 0x0000000082e00000, 0x0000000082e00000|100%| O|  |TAMS 0x0000000082e00000, 0x0000000082d00000| Untracked 
|  46|0x0000000082e00000, 0x0000000082f00000, 0x0000000082f00000|100%| O|  |TAMS 0x0000000082f00000, 0x0000000082e00000| Untracked 
|  47|0x0000000082f00000, 0x0000000083000000, 0x0000000083000000|100%| O|  |TAMS 0x0000000083000000, 0x0000000082f00000| Untracked 
|  48|0x0000000083000000, 0x0000000083100000, 0x0000000083100000|100%| O|  |TAMS 0x0000000083100000, 0x0000000083000000| Untracked 
|  49|0x0000000083100000, 0x0000000083200000, 0x0000000083200000|100%| O|  |TAMS 0x0000000083200000, 0x0000000083100000| Untracked 
|  50|0x0000000083200000, 0x0000000083300000, 0x0000000083300000|100%| O|  |TAMS 0x0000000083300000, 0x0000000083200000| Untracked 
|  51|0x0000000083300000, 0x0000000083400000, 0x0000000083400000|100%| O|  |TAMS 0x0000000083400000, 0x0000000083300000| Untracked 
|  52|0x0000000083400000, 0x0000000083500000, 0x0000000083500000|100%| O|  |TAMS 0x0000000083500000, 0x0000000083400000| Untracked 
|  53|0x0000000083500000, 0x0000000083600000, 0x0000000083600000|100%| O|  |TAMS 0x0000000083600000, 0x0000000083500000| Untracked 
|  54|0x0000000083600000, 0x0000000083700000, 0x0000000083700000|100%| O|  |TAMS 0x0000000083700000, 0x0000000083600000| Untracked 
|  55|0x0000000083700000, 0x0000000083800000, 0x0000000083800000|100%| O|  |TAMS 0x0000000083800000, 0x0000000083700000| Untracked 
|  56|0x0000000083800000, 0x0000000083900000, 0x0000000083900000|100%| O|  |TAMS 0x0000000083900000, 0x0000000083800000| Untracked 
|  57|0x0000000083900000, 0x0000000083a00000, 0x0000000083a00000|100%| O|  |TAMS 0x0000000083a00000, 0x0000000083900000| Untracked 
|  58|0x0000000083a00000, 0x0000000083b00000, 0x0000000083b00000|100%| O|  |TAMS 0x0000000083b00000, 0x0000000083a00000| Untracked 
|  59|0x0000000083b00000, 0x0000000083c00000, 0x0000000083c00000|100%| O|  |TAMS 0x0000000083c00000, 0x0000000083b00000| Untracked 
|  60|0x0000000083c00000, 0x0000000083d00000, 0x0000000083d00000|100%| O|  |TAMS 0x0000000083d00000, 0x0000000083c00000| Untracked 
|  61|0x0000000083d00000, 0x0000000083e00000, 0x0000000083e00000|100%| O|  |TAMS 0x0000000083e00000, 0x0000000083d00000| Untracked 
|  62|0x0000000083e00000, 0x0000000083f00000, 0x0000000083f00000|100%| O|  |TAMS 0x0000000083f00000, 0x0000000083e00000| Untracked 
|  63|0x0000000083f00000, 0x0000000084000000, 0x0000000084000000|100%| O|  |TAMS 0x0000000084000000, 0x0000000083f00000| Untracked 
|  64|0x0000000084000000, 0x0000000084100000, 0x0000000084100000|100%| O|  |TAMS 0x0000000084100000, 0x0000000084000000| Untracked 
|  65|0x0000000084100000, 0x0000000084200000, 0x0000000084200000|100%| O|  |TAMS 0x0000000084200000, 0x0000000084100000| Untracked 
|  66|0x0000000084200000, 0x0000000084300000, 0x0000000084300000|100%| O|  |TAMS 0x0000000084300000, 0x0000000084200000| Untracked 
|  67|0x0000000084300000, 0x0000000084400000, 0x0000000084400000|100%| O|  |TAMS 0x0000000084400000, 0x0000000084300000| Untracked 
|  68|0x0000000084400000, 0x0000000084500000, 0x0000000084500000|100%| O|  |TAMS 0x0000000084400000, 0x0000000084400000| Untracked 
|  69|0x0000000084500000, 0x0000000084600000, 0x0000000084600000|100%| O|  |TAMS 0x0000000084600000, 0x0000000084500000| Untracked 
|  70|0x0000000084600000, 0x0000000084700000, 0x0000000084700000|100%| O|  |TAMS 0x0000000084700000, 0x0000000084600000| Untracked 
|  71|0x0000000084700000, 0x0000000084800000, 0x0000000084800000|100%| O|  |TAMS 0x0000000084800000, 0x0000000084700000| Untracked 
|  72|0x0000000084800000, 0x0000000084900000, 0x0000000084900000|100%| O|  |TAMS 0x0000000084900000, 0x0000000084800000| Untracked 
|  73|0x0000000084900000, 0x0000000084a00000, 0x0000000084a00000|100%| O|  |TAMS 0x0000000084a00000, 0x0000000084900000| Untracked 
|  74|0x0000000084a00000, 0x0000000084b00000, 0x0000000084b00000|100%| O|  |TAMS 0x0000000084b00000, 0x0000000084a00000| Untracked 
|  75|0x0000000084b00000, 0x0000000084c00000, 0x0000000084c00000|100%|HS|  |TAMS 0x0000000084c00000, 0x0000000084b00000| Complete 
|  76|0x0000000084c00000, 0x0000000084d00000, 0x0000000084d00000|100%|HC|  |TAMS 0x0000000084d00000, 0x0000000084c00000| Complete 
|  77|0x0000000084d00000, 0x0000000084e00000, 0x0000000084e00000|100%| O|  |TAMS 0x0000000084d00000, 0x0000000084d00000| Untracked 
|  78|0x0000000084e00000, 0x0000000084f00000, 0x0000000084f00000|100%| O|  |TAMS 0x0000000084e00000, 0x0000000084e00000| Untracked 
|  79|0x0000000084f00000, 0x0000000085000000, 0x0000000085000000|100%| O|  |TAMS 0x0000000084f00000, 0x0000000084f00000| Untracked 
|  80|0x0000000085000000, 0x0000000085100000, 0x0000000085100000|100%| O|  |TAMS 0x0000000085000000, 0x0000000085000000| Untracked 
|  81|0x0000000085100000, 0x0000000085200000, 0x0000000085200000|100%| O|  |TAMS 0x0000000085100000, 0x0000000085100000| Untracked 
|  82|0x0000000085200000, 0x0000000085300000, 0x0000000085300000|100%| O|  |TAMS 0x0000000085200000, 0x0000000085200000| Untracked 
|  83|0x0000000085300000, 0x0000000085400000, 0x0000000085400000|100%| O|  |TAMS 0x0000000085300000, 0x0000000085300000| Untracked 
|  84|0x0000000085400000, 0x0000000085500000, 0x0000000085500000|100%| O|  |TAMS 0x0000000085400000, 0x0000000085400000| Untracked 
|  85|0x0000000085500000, 0x0000000085600000, 0x0000000085600000|100%| O|  |TAMS 0x0000000085500000, 0x0000000085500000| Untracked 
|  86|0x0000000085600000, 0x0000000085700000, 0x0000000085700000|100%| O|  |TAMS 0x0000000085600000, 0x0000000085600000| Untracked 
|  87|0x0000000085700000, 0x0000000085800000, 0x0000000085800000|100%| O|  |TAMS 0x0000000085700000, 0x0000000085700000| Untracked 
|  88|0x0000000085800000, 0x0000000085900000, 0x0000000085900000|100%| O|  |TAMS 0x0000000085800000, 0x0000000085800000| Untracked 
|  89|0x0000000085900000, 0x0000000085a00000, 0x0000000085a00000|100%| O|  |TAMS 0x0000000085a00000, 0x0000000085900000| Untracked 
|  90|0x0000000085a00000, 0x0000000085b00000, 0x0000000085b00000|100%| O|  |TAMS 0x0000000085b00000, 0x0000000085a00000| Untracked 
|  91|0x0000000085b00000, 0x0000000085c00000, 0x0000000085c00000|100%| O|  |TAMS 0x0000000085c00000, 0x0000000085b00000| Untracked 
|  92|0x0000000085c00000, 0x0000000085d00000, 0x0000000085d00000|100%| O|  |TAMS 0x0000000085d00000, 0x0000000085c00000| Untracked 
|  93|0x0000000085d00000, 0x0000000085e00000, 0x0000000085e00000|100%| O|  |TAMS 0x0000000085e00000, 0x0000000085d00000| Untracked 
|  94|0x0000000085e00000, 0x0000000085f00000, 0x0000000085f00000|100%| O|  |TAMS 0x0000000085f00000, 0x0000000085e00000| Untracked 
|  95|0x0000000085f00000, 0x0000000086000000, 0x0000000086000000|100%| O|  |TAMS 0x0000000086000000, 0x0000000085f00000| Untracked 
|  96|0x0000000086000000, 0x0000000086100000, 0x0000000086100000|100%| O|  |TAMS 0x0000000086100000, 0x0000000086000000| Untracked 
|  97|0x0000000086100000, 0x0000000086200000, 0x0000000086200000|100%| O|  |TAMS 0x0000000086200000, 0x0000000086100000| Untracked 
|  98|0x0000000086200000, 0x0000000086300000, 0x0000000086300000|100%| O|  |TAMS 0x00000000862a8a00, 0x0000000086200000| Untracked 
|  99|0x0000000086300000, 0x0000000086400000, 0x0000000086400000|100%|HS|  |TAMS 0x0000000086400000, 0x0000000086300000| Complete 
| 100|0x0000000086400000, 0x0000000086500000, 0x0000000086500000|100%|HC|  |TAMS 0x0000000086500000, 0x0000000086400000| Complete 
| 101|0x0000000086500000, 0x0000000086600000, 0x0000000086600000|100%|HC|  |TAMS 0x0000000086600000, 0x0000000086500000| Complete 
| 102|0x0000000086600000, 0x0000000086700000, 0x0000000086700000|100%|HC|  |TAMS 0x0000000086700000, 0x0000000086600000| Complete 
| 103|0x0000000086700000, 0x0000000086800000, 0x0000000086800000|100%|HC|  |TAMS 0x0000000086800000, 0x0000000086700000| Complete 
| 104|0x0000000086800000, 0x0000000086900000, 0x0000000086900000|100%|HC|  |TAMS 0x0000000086900000, 0x0000000086800000| Complete 
| 105|0x0000000086900000, 0x0000000086a00000, 0x0000000086a00000|100%| O|  |TAMS 0x0000000086900000, 0x0000000086900000| Untracked 
| 106|0x0000000086a00000, 0x0000000086b00000, 0x0000000086b00000|100%| O|  |TAMS 0x0000000086a00000, 0x0000000086a00000| Untracked 
| 107|0x0000000086b00000, 0x0000000086c00000, 0x0000000086c00000|100%| O|  |TAMS 0x0000000086b00000, 0x0000000086b00000| Untracked 
| 108|0x0000000086c00000, 0x0000000086d00000, 0x0000000086d00000|100%| O|  |TAMS 0x0000000086c00000, 0x0000000086c00000| Untracked 
| 109|0x0000000086d00000, 0x0000000086e00000, 0x0000000086e00000|100%| O|  |TAMS 0x0000000086d00000, 0x0000000086d00000| Untracked 
| 110|0x0000000086e00000, 0x0000000086f00000, 0x0000000086f00000|100%| O|  |TAMS 0x0000000086e00000, 0x0000000086e00000| Untracked 
| 111|0x0000000086f00000, 0x0000000087000000, 0x0000000087000000|100%| O|  |TAMS 0x0000000086f00000, 0x0000000086f00000| Untracked 
| 112|0x0000000087000000, 0x0000000087100000, 0x0000000087100000|100%| O|  |TAMS 0x0000000087000000, 0x0000000087000000| Untracked 
| 113|0x0000000087100000, 0x0000000087200000, 0x0000000087200000|100%| O|  |TAMS 0x0000000087100000, 0x0000000087100000| Untracked 
| 114|0x0000000087200000, 0x0000000087300000, 0x0000000087300000|100%| O|  |TAMS 0x0000000087200000, 0x0000000087200000| Untracked 
| 115|0x0000000087300000, 0x0000000087400000, 0x0000000087400000|100%| O|  |TAMS 0x0000000087300000, 0x0000000087300000| Untracked 
| 116|0x0000000087400000, 0x0000000087500000, 0x0000000087500000|100%| O|  |TAMS 0x0000000087400000, 0x0000000087400000| Untracked 
| 117|0x0000000087500000, 0x0000000087600000, 0x0000000087600000|100%| O|  |TAMS 0x0000000087500000, 0x0000000087500000| Untracked 
| 118|0x0000000087600000, 0x0000000087700000, 0x0000000087700000|100%| O|  |TAMS 0x0000000087600000, 0x0000000087600000| Untracked 
| 119|0x0000000087700000, 0x0000000087800000, 0x0000000087800000|100%|HS|  |TAMS 0x0000000087700000, 0x0000000087700000| Complete 
| 120|0x0000000087800000, 0x0000000087900000, 0x0000000087900000|100%|HC|  |TAMS 0x0000000087800000, 0x0000000087800000| Complete 
| 121|0x0000000087900000, 0x0000000087a00000, 0x0000000087a00000|100%|HC|  |TAMS 0x0000000087900000, 0x0000000087900000| Complete 
| 122|0x0000000087a00000, 0x0000000087b00000, 0x0000000087b00000|100%|HC|  |TAMS 0x0000000087a00000, 0x0000000087a00000| Complete 
| 123|0x0000000087b00000, 0x0000000087c00000, 0x0000000087c00000|100%|HC|  |TAMS 0x0000000087b00000, 0x0000000087b00000| Complete 
| 124|0x0000000087c00000, 0x0000000087d00000, 0x0000000087d00000|100%|HC|  |TAMS 0x0000000087c00000, 0x0000000087c00000| Complete 
| 125|0x0000000087d00000, 0x0000000087e00000, 0x0000000087e00000|100%| O|  |TAMS 0x0000000087d00000, 0x0000000087d00000| Untracked 
| 126|0x0000000087e00000, 0x0000000087f00000, 0x0000000087f00000|100%| O|  |TAMS 0x0000000087e00000, 0x0000000087e00000| Untracked 
| 127|0x0000000087f00000, 0x0000000088000000, 0x0000000088000000|100%| O|  |TAMS 0x0000000087f00000, 0x0000000087f00000| Untracked 
| 128|0x0000000088000000, 0x0000000088100000, 0x0000000088100000|100%| O|  |TAMS 0x0000000088000000, 0x0000000088000000| Untracked 
| 129|0x0000000088100000, 0x0000000088200000, 0x0000000088200000|100%| O|  |TAMS 0x0000000088100000, 0x0000000088100000| Untracked 
| 130|0x0000000088200000, 0x0000000088300000, 0x0000000088300000|100%| O|  |TAMS 0x0000000088200000, 0x0000000088200000| Untracked 
| 131|0x0000000088300000, 0x0000000088400000, 0x0000000088400000|100%| O|  |TAMS 0x0000000088300000, 0x0000000088300000| Untracked 
| 132|0x0000000088400000, 0x0000000088500000, 0x0000000088500000|100%| O|  |TAMS 0x0000000088400000, 0x0000000088400000| Untracked 
| 133|0x0000000088500000, 0x0000000088600000, 0x0000000088600000|100%| O|  |TAMS 0x0000000088500000, 0x0000000088500000| Untracked 
| 134|0x0000000088600000, 0x0000000088700000, 0x0000000088700000|100%| O|  |TAMS 0x0000000088600000, 0x0000000088600000| Untracked 
| 135|0x0000000088700000, 0x0000000088800000, 0x0000000088800000|100%| O|  |TAMS 0x0000000088700000, 0x0000000088700000| Untracked 
| 136|0x0000000088800000, 0x0000000088900000, 0x0000000088900000|100%| O|  |TAMS 0x0000000088800000, 0x0000000088800000| Untracked 
| 137|0x0000000088900000, 0x0000000088a00000, 0x0000000088a00000|100%| O|  |TAMS 0x0000000088900000, 0x0000000088900000| Untracked 
| 138|0x0000000088a00000, 0x0000000088b00000, 0x0000000088b00000|100%| O|  |TAMS 0x0000000088a00000, 0x0000000088a00000| Untracked 
| 139|0x0000000088b00000, 0x0000000088c00000, 0x0000000088c00000|100%| O|  |TAMS 0x0000000088b00000, 0x0000000088b00000| Untracked 
| 140|0x0000000088c00000, 0x0000000088d00000, 0x0000000088d00000|100%| O|  |TAMS 0x0000000088c00000, 0x0000000088c00000| Untracked 
| 141|0x0000000088d00000, 0x0000000088e00000, 0x0000000088e00000|100%| O|  |TAMS 0x0000000088d00000, 0x0000000088d00000| Untracked 
| 142|0x0000000088e00000, 0x0000000088f00000, 0x0000000088f00000|100%| O|  |TAMS 0x0000000088e00000, 0x0000000088e00000| Untracked 
| 143|0x0000000088f00000, 0x0000000089000000, 0x0000000089000000|100%| O|  |TAMS 0x0000000088f00000, 0x0000000088f00000| Untracked 
| 144|0x0000000089000000, 0x0000000089100000, 0x0000000089100000|100%| O|  |TAMS 0x0000000089000000, 0x0000000089000000| Untracked 
| 145|0x0000000089100000, 0x0000000089200000, 0x0000000089200000|100%| O|  |TAMS 0x0000000089100000, 0x0000000089100000| Untracked 
| 146|0x0000000089200000, 0x0000000089300000, 0x0000000089300000|100%| O|  |TAMS 0x0000000089200000, 0x0000000089200000| Untracked 
| 147|0x0000000089300000, 0x0000000089400000, 0x0000000089400000|100%| O|  |TAMS 0x0000000089300000, 0x0000000089300000| Untracked 
| 148|0x0000000089400000, 0x0000000089500000, 0x0000000089500000|100%| O|  |TAMS 0x0000000089400000, 0x0000000089400000| Untracked 
| 149|0x0000000089500000, 0x0000000089600000, 0x0000000089600000|100%|HS|  |TAMS 0x0000000089500000, 0x0000000089500000| Complete 
| 150|0x0000000089600000, 0x0000000089700000, 0x0000000089700000|100%|HS|  |TAMS 0x0000000089600000, 0x0000000089600000| Complete 
| 151|0x0000000089700000, 0x0000000089800000, 0x0000000089800000|100%|HS|  |TAMS 0x0000000089700000, 0x0000000089700000| Complete 
| 152|0x0000000089800000, 0x0000000089900000, 0x0000000089900000|100%|HS|  |TAMS 0x0000000089800000, 0x0000000089800000| Complete 
| 153|0x0000000089900000, 0x0000000089a00000, 0x0000000089a00000|100%|HC|  |TAMS 0x0000000089900000, 0x0000000089900000| Complete 
| 154|0x0000000089a00000, 0x0000000089b00000, 0x0000000089b00000|100%| O|  |TAMS 0x0000000089a00000, 0x0000000089a00000| Untracked 
| 155|0x0000000089b00000, 0x0000000089c00000, 0x0000000089c00000|100%| O|  |TAMS 0x0000000089b00000, 0x0000000089b00000| Untracked 
| 156|0x0000000089c00000, 0x0000000089d00000, 0x0000000089d00000|100%| O|  |TAMS 0x0000000089c00000, 0x0000000089c00000| Untracked 
| 157|0x0000000089d00000, 0x0000000089e00000, 0x0000000089e00000|100%| O|  |TAMS 0x0000000089d00000, 0x0000000089d00000| Untracked 
| 158|0x0000000089e00000, 0x0000000089f00000, 0x0000000089f00000|100%| O|  |TAMS 0x0000000089e00000, 0x0000000089e00000| Untracked 
| 159|0x0000000089f00000, 0x000000008a000000, 0x000000008a000000|100%| O|  |TAMS 0x0000000089f00000, 0x0000000089f00000| Untracked 
| 160|0x000000008a000000, 0x000000008a100000, 0x000000008a100000|100%| O|  |TAMS 0x000000008a000000, 0x000000008a000000| Untracked 
| 161|0x000000008a100000, 0x000000008a200000, 0x000000008a200000|100%| O|  |TAMS 0x000000008a100000, 0x000000008a100000| Untracked 
| 162|0x000000008a200000, 0x000000008a300000, 0x000000008a300000|100%|HS|  |TAMS 0x000000008a200000, 0x000000008a200000| Complete 
| 163|0x000000008a300000, 0x000000008a400000, 0x000000008a400000|100%|HS|  |TAMS 0x000000008a300000, 0x000000008a300000| Complete 
| 164|0x000000008a400000, 0x000000008a500000, 0x000000008a500000|100%|HS|  |TAMS 0x000000008a400000, 0x000000008a400000| Complete 
| 165|0x000000008a500000, 0x000000008a600000, 0x000000008a600000|100%| O|  |TAMS 0x000000008a500000, 0x000000008a500000| Untracked 
| 166|0x000000008a600000, 0x000000008a700000, 0x000000008a700000|100%| O|  |TAMS 0x000000008a600000, 0x000000008a600000| Untracked 
| 167|0x000000008a700000, 0x000000008a800000, 0x000000008a800000|100%| O|  |TAMS 0x000000008a700000, 0x000000008a700000| Untracked 
| 168|0x000000008a800000, 0x000000008a900000, 0x000000008a900000|100%|HS|  |TAMS 0x000000008a800000, 0x000000008a800000| Complete 
| 169|0x000000008a900000, 0x000000008aa00000, 0x000000008aa00000|100%| O|  |TAMS 0x000000008a900000, 0x000000008a900000| Untracked 
| 170|0x000000008aa00000, 0x000000008ab00000, 0x000000008ab00000|100%| O|  |TAMS 0x000000008aa00000, 0x000000008aa00000| Untracked 
| 171|0x000000008ab00000, 0x000000008ab40200, 0x000000008ac00000| 25%| O|  |TAMS 0x000000008ab00000, 0x000000008ab00000| Untracked 
| 172|0x000000008ac00000, 0x000000008ac00000, 0x000000008ad00000|  0%| F|  |TAMS 0x000000008ac00000, 0x000000008ac00000| Untracked 
| 173|0x000000008ad00000, 0x000000008ad00000, 0x000000008ae00000|  0%| F|  |TAMS 0x000000008ad00000, 0x000000008ad00000| Untracked 
| 174|0x000000008ae00000, 0x000000008ae00000, 0x000000008af00000|  0%| F|  |TAMS 0x000000008ae00000, 0x000000008ae00000| Untracked 
| 175|0x000000008af00000, 0x000000008af00000, 0x000000008b000000|  0%| F|  |TAMS 0x000000008af00000, 0x000000008af00000| Untracked 
| 176|0x000000008b000000, 0x000000008b000000, 0x000000008b100000|  0%| F|  |TAMS 0x000000008b000000, 0x000000008b000000| Untracked 
| 177|0x000000008b100000, 0x000000008b100000, 0x000000008b200000|  0%| F|  |TAMS 0x000000008b100000, 0x000000008b100000| Untracked 
| 178|0x000000008b200000, 0x000000008b200000, 0x000000008b300000|  0%| F|  |TAMS 0x000000008b200000, 0x000000008b200000| Untracked 
| 179|0x000000008b300000, 0x000000008b300000, 0x000000008b400000|  0%| F|  |TAMS 0x000000008b300000, 0x000000008b300000| Untracked 
| 180|0x000000008b400000, 0x000000008b400000, 0x000000008b500000|  0%| F|  |TAMS 0x000000008b400000, 0x000000008b400000| Untracked 
| 181|0x000000008b500000, 0x000000008b500000, 0x000000008b600000|  0%| F|  |TAMS 0x000000008b500000, 0x000000008b500000| Untracked 
| 182|0x000000008b600000, 0x000000008b600000, 0x000000008b700000|  0%| F|  |TAMS 0x000000008b600000, 0x000000008b600000| Untracked 
| 183|0x000000008b700000, 0x000000008b700000, 0x000000008b800000|  0%| F|  |TAMS 0x000000008b700000, 0x000000008b700000| Untracked 
| 184|0x000000008b800000, 0x000000008b800000, 0x000000008b900000|  0%| F|  |TAMS 0x000000008b800000, 0x000000008b800000| Untracked 
| 185|0x000000008b900000, 0x000000008b900000, 0x000000008ba00000|  0%| F|  |TAMS 0x000000008b900000, 0x000000008b900000| Untracked 
| 186|0x000000008ba00000, 0x000000008ba00000, 0x000000008bb00000|  0%| F|  |TAMS 0x000000008ba00000, 0x000000008ba00000| Untracked 
| 187|0x000000008bb00000, 0x000000008bb00000, 0x000000008bc00000|  0%| F|  |TAMS 0x000000008bb00000, 0x000000008bb00000| Untracked 
| 188|0x000000008bc00000, 0x000000008bc00000, 0x000000008bd00000|  0%| F|  |TAMS 0x000000008bc00000, 0x000000008bc00000| Untracked 
| 189|0x000000008bd00000, 0x000000008bd00000, 0x000000008be00000|  0%| F|  |TAMS 0x000000008bd00000, 0x000000008bd00000| Untracked 
| 190|0x000000008be00000, 0x000000008be00000, 0x000000008bf00000|  0%| F|  |TAMS 0x000000008be00000, 0x000000008be00000| Untracked 
| 191|0x000000008bf00000, 0x000000008bf00000, 0x000000008c000000|  0%| F|  |TAMS 0x000000008bf00000, 0x000000008bf00000| Untracked 
| 192|0x000000008c000000, 0x000000008c000000, 0x000000008c100000|  0%| F|  |TAMS 0x000000008c000000, 0x000000008c000000| Untracked 
| 193|0x000000008c100000, 0x000000008c100000, 0x000000008c200000|  0%| F|  |TAMS 0x000000008c100000, 0x000000008c100000| Untracked 
| 194|0x000000008c200000, 0x000000008c200000, 0x000000008c300000|  0%| F|  |TAMS 0x000000008c200000, 0x000000008c200000| Untracked 
| 195|0x000000008c300000, 0x000000008c300000, 0x000000008c400000|  0%| F|  |TAMS 0x000000008c300000, 0x000000008c300000| Untracked 
| 196|0x000000008c400000, 0x000000008c400000, 0x000000008c500000|  0%| F|  |TAMS 0x000000008c400000, 0x000000008c400000| Untracked 
| 197|0x000000008c500000, 0x000000008c500000, 0x000000008c600000|  0%| F|  |TAMS 0x000000008c500000, 0x000000008c500000| Untracked 
| 198|0x000000008c600000, 0x000000008c600000, 0x000000008c700000|  0%| F|  |TAMS 0x000000008c600000, 0x000000008c600000| Untracked 
| 199|0x000000008c700000, 0x000000008c700000, 0x000000008c800000|  0%| F|  |TAMS 0x000000008c700000, 0x000000008c700000| Untracked 
| 200|0x000000008c800000, 0x000000008c800000, 0x000000008c900000|  0%| F|  |TAMS 0x000000008c800000, 0x000000008c800000| Untracked 
| 201|0x000000008c900000, 0x000000008c900000, 0x000000008ca00000|  0%| F|  |TAMS 0x000000008c900000, 0x000000008c900000| Untracked 
| 202|0x000000008ca00000, 0x000000008ca00000, 0x000000008cb00000|  0%| F|  |TAMS 0x000000008ca00000, 0x000000008ca00000| Untracked 
| 203|0x000000008cb00000, 0x000000008cb00000, 0x000000008cc00000|  0%| F|  |TAMS 0x000000008cb00000, 0x000000008cb00000| Untracked 
| 204|0x000000008cc00000, 0x000000008cc00000, 0x000000008cd00000|  0%| F|  |TAMS 0x000000008cc00000, 0x000000008cc00000| Untracked 
| 205|0x000000008cd00000, 0x000000008cd00000, 0x000000008ce00000|  0%| F|  |TAMS 0x000000008cd00000, 0x000000008cd00000| Untracked 
| 206|0x000000008ce00000, 0x000000008ce00000, 0x000000008cf00000|  0%| F|  |TAMS 0x000000008ce00000, 0x000000008ce00000| Untracked 
| 207|0x000000008cf00000, 0x000000008cf00000, 0x000000008d000000|  0%| F|  |TAMS 0x000000008cf00000, 0x000000008cf00000| Untracked 
| 208|0x000000008d000000, 0x000000008d000000, 0x000000008d100000|  0%| F|  |TAMS 0x000000008d000000, 0x000000008d000000| Untracked 
| 209|0x000000008d100000, 0x000000008d100000, 0x000000008d200000|  0%| F|  |TAMS 0x000000008d100000, 0x000000008d100000| Untracked 
| 210|0x000000008d200000, 0x000000008d200000, 0x000000008d300000|  0%| F|  |TAMS 0x000000008d200000, 0x000000008d200000| Untracked 
| 211|0x000000008d300000, 0x000000008d300000, 0x000000008d400000|  0%| F|  |TAMS 0x000000008d300000, 0x000000008d300000| Untracked 
| 212|0x000000008d400000, 0x000000008d400000, 0x000000008d500000|  0%| F|  |TAMS 0x000000008d400000, 0x000000008d400000| Untracked 
| 213|0x000000008d500000, 0x000000008d500000, 0x000000008d600000|  0%| F|  |TAMS 0x000000008d500000, 0x000000008d500000| Untracked 
| 214|0x000000008d600000, 0x000000008d600000, 0x000000008d700000|  0%| F|  |TAMS 0x000000008d600000, 0x000000008d600000| Untracked 
| 215|0x000000008d700000, 0x000000008d700000, 0x000000008d800000|  0%| F|  |TAMS 0x000000008d700000, 0x000000008d700000| Untracked 
| 216|0x000000008d800000, 0x000000008d800000, 0x000000008d900000|  0%| F|  |TAMS 0x000000008d800000, 0x000000008d800000| Untracked 
| 217|0x000000008d900000, 0x000000008d900000, 0x000000008da00000|  0%| F|  |TAMS 0x000000008d900000, 0x000000008d900000| Untracked 
| 218|0x000000008da00000, 0x000000008da00000, 0x000000008db00000|  0%| F|  |TAMS 0x000000008da00000, 0x000000008da00000| Untracked 
| 219|0x000000008db00000, 0x000000008db00000, 0x000000008dc00000|  0%| F|  |TAMS 0x000000008db00000, 0x000000008db00000| Untracked 
| 220|0x000000008dc00000, 0x000000008dc00000, 0x000000008dd00000|  0%| F|  |TAMS 0x000000008dc00000, 0x000000008dc00000| Untracked 
| 221|0x000000008dd00000, 0x000000008dd00000, 0x000000008de00000|  0%| F|  |TAMS 0x000000008dd00000, 0x000000008dd00000| Untracked 
| 222|0x000000008de00000, 0x000000008de00000, 0x000000008df00000|  0%| F|  |TAMS 0x000000008de00000, 0x000000008de00000| Untracked 
| 223|0x000000008df00000, 0x000000008df00000, 0x000000008e000000|  0%| F|  |TAMS 0x000000008df00000, 0x000000008df00000| Untracked 
| 224|0x000000008e000000, 0x000000008e000000, 0x000000008e100000|  0%| F|  |TAMS 0x000000008e000000, 0x000000008e000000| Untracked 
| 225|0x000000008e100000, 0x000000008e100000, 0x000000008e200000|  0%| F|  |TAMS 0x000000008e100000, 0x000000008e100000| Untracked 
| 226|0x000000008e200000, 0x000000008e200000, 0x000000008e300000|  0%| F|  |TAMS 0x000000008e200000, 0x000000008e200000| Untracked 
| 227|0x000000008e300000, 0x000000008e300000, 0x000000008e400000|  0%| F|  |TAMS 0x000000008e300000, 0x000000008e300000| Untracked 
| 228|0x000000008e400000, 0x000000008e400000, 0x000000008e500000|  0%| F|  |TAMS 0x000000008e400000, 0x000000008e400000| Untracked 
| 229|0x000000008e500000, 0x000000008e500000, 0x000000008e600000|  0%| F|  |TAMS 0x000000008e500000, 0x000000008e500000| Untracked 
| 230|0x000000008e600000, 0x000000008e600000, 0x000000008e700000|  0%| F|  |TAMS 0x000000008e600000, 0x000000008e600000| Untracked 
| 231|0x000000008e700000, 0x000000008e700000, 0x000000008e800000|  0%| F|  |TAMS 0x000000008e700000, 0x000000008e700000| Untracked 
| 232|0x000000008e800000, 0x000000008e800000, 0x000000008e900000|  0%| F|  |TAMS 0x000000008e800000, 0x000000008e800000| Untracked 
| 233|0x000000008e900000, 0x000000008e900000, 0x000000008ea00000|  0%| F|  |TAMS 0x000000008e900000, 0x000000008e900000| Untracked 
| 234|0x000000008ea00000, 0x000000008ea00000, 0x000000008eb00000|  0%| F|  |TAMS 0x000000008ea00000, 0x000000008ea00000| Untracked 
| 235|0x000000008eb00000, 0x000000008eb00000, 0x000000008ec00000|  0%| F|  |TAMS 0x000000008eb00000, 0x000000008eb00000| Untracked 
| 236|0x000000008ec00000, 0x000000008ec00000, 0x000000008ed00000|  0%| F|  |TAMS 0x000000008ec00000, 0x000000008ec00000| Untracked 
| 237|0x000000008ed00000, 0x000000008ed00000, 0x000000008ee00000|  0%| F|  |TAMS 0x000000008ed00000, 0x000000008ed00000| Untracked 
| 238|0x000000008ee00000, 0x000000008ee00000, 0x000000008ef00000|  0%| F|  |TAMS 0x000000008ee00000, 0x000000008ee00000| Untracked 
| 239|0x000000008ef00000, 0x000000008ef00000, 0x000000008f000000|  0%| F|  |TAMS 0x000000008ef00000, 0x000000008ef00000| Untracked 
| 240|0x000000008f000000, 0x000000008f000000, 0x000000008f100000|  0%| F|  |TAMS 0x000000008f000000, 0x000000008f000000| Untracked 
| 241|0x000000008f100000, 0x000000008f100000, 0x000000008f200000|  0%| F|  |TAMS 0x000000008f100000, 0x000000008f100000| Untracked 
| 242|0x000000008f200000, 0x000000008f200000, 0x000000008f300000|  0%| F|  |TAMS 0x000000008f200000, 0x000000008f200000| Untracked 
| 243|0x000000008f300000, 0x000000008f300000, 0x000000008f400000|  0%| F|  |TAMS 0x000000008f300000, 0x000000008f300000| Untracked 
| 244|0x000000008f400000, 0x000000008f400000, 0x000000008f500000|  0%| F|  |TAMS 0x000000008f400000, 0x000000008f400000| Untracked 
| 245|0x000000008f500000, 0x000000008f500000, 0x000000008f600000|  0%| F|  |TAMS 0x000000008f500000, 0x000000008f500000| Untracked 
| 246|0x000000008f600000, 0x000000008f600000, 0x000000008f700000|  0%| F|  |TAMS 0x000000008f600000, 0x000000008f600000| Untracked 
| 247|0x000000008f700000, 0x000000008f700000, 0x000000008f800000|  0%| F|  |TAMS 0x000000008f700000, 0x000000008f700000| Untracked 
| 248|0x000000008f800000, 0x000000008f800000, 0x000000008f900000|  0%| F|  |TAMS 0x000000008f800000, 0x000000008f800000| Untracked 
| 249|0x000000008f900000, 0x000000008f900000, 0x000000008fa00000|  0%| F|  |TAMS 0x000000008f900000, 0x000000008f900000| Untracked 
| 250|0x000000008fa00000, 0x000000008fa00000, 0x000000008fb00000|  0%| F|  |TAMS 0x000000008fa00000, 0x000000008fa00000| Untracked 
| 251|0x000000008fb00000, 0x000000008fb00000, 0x000000008fc00000|  0%| F|  |TAMS 0x000000008fb00000, 0x000000008fb00000| Untracked 
| 252|0x000000008fc00000, 0x000000008fc00000, 0x000000008fd00000|  0%| F|  |TAMS 0x000000008fc00000, 0x000000008fc00000| Untracked 
| 253|0x000000008fd00000, 0x000000008fd00000, 0x000000008fe00000|  0%| F|  |TAMS 0x000000008fd00000, 0x000000008fd00000| Untracked 
| 254|0x000000008fe00000, 0x000000008fe00000, 0x000000008ff00000|  0%| F|  |TAMS 0x000000008fe00000, 0x000000008fe00000| Untracked 
| 255|0x000000008ff00000, 0x000000008ff00000, 0x0000000090000000|  0%| F|  |TAMS 0x000000008ff00000, 0x000000008ff00000| Untracked 
| 256|0x0000000090000000, 0x0000000090000000, 0x0000000090100000|  0%| F|  |TAMS 0x0000000090000000, 0x0000000090000000| Untracked 
| 257|0x0000000090100000, 0x0000000090100000, 0x0000000090200000|  0%| F|  |TAMS 0x0000000090100000, 0x0000000090100000| Untracked 
| 258|0x0000000090200000, 0x0000000090200000, 0x0000000090300000|  0%| F|  |TAMS 0x0000000090200000, 0x0000000090200000| Untracked 
| 259|0x0000000090300000, 0x0000000090300000, 0x0000000090400000|  0%| F|  |TAMS 0x0000000090300000, 0x0000000090300000| Untracked 
| 260|0x0000000090400000, 0x0000000090400000, 0x0000000090500000|  0%| F|  |TAMS 0x0000000090400000, 0x0000000090400000| Untracked 
| 261|0x0000000090500000, 0x0000000090500000, 0x0000000090600000|  0%| F|  |TAMS 0x0000000090500000, 0x0000000090500000| Untracked 
| 262|0x0000000090600000, 0x0000000090600000, 0x0000000090700000|  0%| F|  |TAMS 0x0000000090600000, 0x0000000090600000| Untracked 
| 263|0x0000000090700000, 0x0000000090700000, 0x0000000090800000|  0%| F|  |TAMS 0x0000000090700000, 0x0000000090700000| Untracked 
| 264|0x0000000090800000, 0x0000000090800000, 0x0000000090900000|  0%| F|  |TAMS 0x0000000090800000, 0x0000000090800000| Untracked 
| 265|0x0000000090900000, 0x0000000090900000, 0x0000000090a00000|  0%| F|  |TAMS 0x0000000090900000, 0x0000000090900000| Untracked 
| 266|0x0000000090a00000, 0x0000000090a00000, 0x0000000090b00000|  0%| F|  |TAMS 0x0000000090a00000, 0x0000000090a00000| Untracked 
| 267|0x0000000090b00000, 0x0000000090b00000, 0x0000000090c00000|  0%| F|  |TAMS 0x0000000090b00000, 0x0000000090b00000| Untracked 
| 268|0x0000000090c00000, 0x0000000090c00000, 0x0000000090d00000|  0%| F|  |TAMS 0x0000000090c00000, 0x0000000090c00000| Untracked 
| 269|0x0000000090d00000, 0x0000000090d00000, 0x0000000090e00000|  0%| F|  |TAMS 0x0000000090d00000, 0x0000000090d00000| Untracked 
| 270|0x0000000090e00000, 0x0000000090e00000, 0x0000000090f00000|  0%| F|  |TAMS 0x0000000090e00000, 0x0000000090e00000| Untracked 
| 271|0x0000000090f00000, 0x0000000090f00000, 0x0000000091000000|  0%| F|  |TAMS 0x0000000090f00000, 0x0000000090f00000| Untracked 
| 272|0x0000000091000000, 0x0000000091000000, 0x0000000091100000|  0%| F|  |TAMS 0x0000000091000000, 0x0000000091000000| Untracked 
| 273|0x0000000091100000, 0x0000000091100000, 0x0000000091200000|  0%| F|  |TAMS 0x0000000091100000, 0x0000000091100000| Untracked 
| 274|0x0000000091200000, 0x0000000091200000, 0x0000000091300000|  0%| F|  |TAMS 0x0000000091200000, 0x0000000091200000| Untracked 
| 275|0x0000000091300000, 0x0000000091300000, 0x0000000091400000|  0%| F|  |TAMS 0x0000000091300000, 0x0000000091300000| Untracked 
| 276|0x0000000091400000, 0x0000000091400000, 0x0000000091500000|  0%| F|  |TAMS 0x0000000091400000, 0x0000000091400000| Untracked 
| 277|0x0000000091500000, 0x0000000091500000, 0x0000000091600000|  0%| F|  |TAMS 0x0000000091500000, 0x0000000091500000| Untracked 
| 278|0x0000000091600000, 0x0000000091600000, 0x0000000091700000|  0%| F|  |TAMS 0x0000000091600000, 0x0000000091600000| Untracked 
| 279|0x0000000091700000, 0x0000000091700000, 0x0000000091800000|  0%| F|  |TAMS 0x0000000091700000, 0x0000000091700000| Untracked 
| 280|0x0000000091800000, 0x0000000091800000, 0x0000000091900000|  0%| F|  |TAMS 0x0000000091800000, 0x0000000091800000| Untracked 
| 281|0x0000000091900000, 0x0000000091900000, 0x0000000091a00000|  0%| F|  |TAMS 0x0000000091900000, 0x0000000091900000| Untracked 
| 282|0x0000000091a00000, 0x0000000091a00000, 0x0000000091b00000|  0%| F|  |TAMS 0x0000000091a00000, 0x0000000091a00000| Untracked 
| 283|0x0000000091b00000, 0x0000000091b00000, 0x0000000091c00000|  0%| F|  |TAMS 0x0000000091b00000, 0x0000000091b00000| Untracked 
| 284|0x0000000091c00000, 0x0000000091c00000, 0x0000000091d00000|  0%| F|  |TAMS 0x0000000091c00000, 0x0000000091c00000| Untracked 
| 285|0x0000000091d00000, 0x0000000091d00000, 0x0000000091e00000|  0%| F|  |TAMS 0x0000000091d00000, 0x0000000091d00000| Untracked 
| 286|0x0000000091e00000, 0x0000000091e00000, 0x0000000091f00000|  0%| F|  |TAMS 0x0000000091e00000, 0x0000000091e00000| Untracked 
| 287|0x0000000091f00000, 0x0000000091f00000, 0x0000000092000000|  0%| F|  |TAMS 0x0000000091f00000, 0x0000000091f00000| Untracked 
| 288|0x0000000092000000, 0x0000000092000000, 0x0000000092100000|  0%| F|  |TAMS 0x0000000092000000, 0x0000000092000000| Untracked 
| 289|0x0000000092100000, 0x0000000092100000, 0x0000000092200000|  0%| F|  |TAMS 0x0000000092100000, 0x0000000092100000| Untracked 
| 290|0x0000000092200000, 0x0000000092200000, 0x0000000092300000|  0%| F|  |TAMS 0x0000000092200000, 0x0000000092200000| Untracked 
| 291|0x0000000092300000, 0x0000000092300000, 0x0000000092400000|  0%| F|  |TAMS 0x0000000092300000, 0x0000000092300000| Untracked 
| 292|0x0000000092400000, 0x0000000092400000, 0x0000000092500000|  0%| F|  |TAMS 0x0000000092400000, 0x0000000092400000| Untracked 
| 293|0x0000000092500000, 0x0000000092500000, 0x0000000092600000|  0%| F|  |TAMS 0x0000000092500000, 0x0000000092500000| Untracked 
| 294|0x0000000092600000, 0x0000000092600000, 0x0000000092700000|  0%| F|  |TAMS 0x0000000092600000, 0x0000000092600000| Untracked 
| 295|0x0000000092700000, 0x0000000092700000, 0x0000000092800000|  0%| F|  |TAMS 0x0000000092700000, 0x0000000092700000| Untracked 
| 296|0x0000000092800000, 0x0000000092800000, 0x0000000092900000|  0%| F|  |TAMS 0x0000000092800000, 0x0000000092800000| Untracked 
| 297|0x0000000092900000, 0x0000000092900000, 0x0000000092a00000|  0%| F|  |TAMS 0x0000000092900000, 0x0000000092900000| Untracked 
| 298|0x0000000092a00000, 0x0000000092a00000, 0x0000000092b00000|  0%| F|  |TAMS 0x0000000092a00000, 0x0000000092a00000| Untracked 
| 299|0x0000000092b00000, 0x0000000092b00000, 0x0000000092c00000|  0%| F|  |TAMS 0x0000000092b00000, 0x0000000092b00000| Untracked 
| 300|0x0000000092c00000, 0x0000000092c00000, 0x0000000092d00000|  0%| F|  |TAMS 0x0000000092c00000, 0x0000000092c00000| Untracked 
| 301|0x0000000092d00000, 0x0000000092d00000, 0x0000000092e00000|  0%| F|  |TAMS 0x0000000092d00000, 0x0000000092d00000| Untracked 
| 302|0x0000000092e00000, 0x0000000092e00000, 0x0000000092f00000|  0%| F|  |TAMS 0x0000000092e00000, 0x0000000092e00000| Untracked 
| 303|0x0000000092f00000, 0x0000000092f00000, 0x0000000093000000|  0%| F|  |TAMS 0x0000000092f00000, 0x0000000092f00000| Untracked 
| 304|0x0000000093000000, 0x0000000093000000, 0x0000000093100000|  0%| F|  |TAMS 0x0000000093000000, 0x0000000093000000| Untracked 
| 305|0x0000000093100000, 0x0000000093100000, 0x0000000093200000|  0%| F|  |TAMS 0x0000000093100000, 0x0000000093100000| Untracked 
| 306|0x0000000093200000, 0x0000000093200000, 0x0000000093300000|  0%| F|  |TAMS 0x0000000093200000, 0x0000000093200000| Untracked 
| 307|0x0000000093300000, 0x0000000093300000, 0x0000000093400000|  0%| F|  |TAMS 0x0000000093300000, 0x0000000093300000| Untracked 
| 308|0x0000000093400000, 0x0000000093400000, 0x0000000093500000|  0%| F|  |TAMS 0x0000000093400000, 0x0000000093400000| Untracked 
| 309|0x0000000093500000, 0x0000000093500000, 0x0000000093600000|  0%| F|  |TAMS 0x0000000093500000, 0x0000000093500000| Untracked 
| 310|0x0000000093600000, 0x0000000093600000, 0x0000000093700000|  0%| F|  |TAMS 0x0000000093600000, 0x0000000093600000| Untracked 
| 311|0x0000000093700000, 0x0000000093700000, 0x0000000093800000|  0%| F|  |TAMS 0x0000000093700000, 0x0000000093700000| Untracked 
| 312|0x0000000093800000, 0x0000000093800000, 0x0000000093900000|  0%| F|  |TAMS 0x0000000093800000, 0x0000000093800000| Untracked 
| 313|0x0000000093900000, 0x0000000093900000, 0x0000000093a00000|  0%| F|  |TAMS 0x0000000093900000, 0x0000000093900000| Untracked 
| 314|0x0000000093a00000, 0x0000000093a00000, 0x0000000093b00000|  0%| F|  |TAMS 0x0000000093a00000, 0x0000000093a00000| Untracked 
| 315|0x0000000093b00000, 0x0000000093b9e430, 0x0000000093c00000| 61%| S|CS|TAMS 0x0000000093b00000, 0x0000000093b00000| Complete 
| 316|0x0000000093c00000, 0x0000000093d00000, 0x0000000093d00000|100%| S|CS|TAMS 0x0000000093c00000, 0x0000000093c00000| Complete 
| 317|0x0000000093d00000, 0x0000000093d00000, 0x0000000093e00000|  0%| F|  |TAMS 0x0000000093d00000, 0x0000000093d00000| Untracked 
| 318|0x0000000093e00000, 0x0000000093e00000, 0x0000000093f00000|  0%| F|  |TAMS 0x0000000093e00000, 0x0000000093e00000| Untracked 
| 319|0x0000000093f00000, 0x0000000093f00000, 0x0000000094000000|  0%| F|  |TAMS 0x0000000093f00000, 0x0000000093f00000| Untracked 
| 320|0x0000000094000000, 0x0000000094000000, 0x0000000094100000|  0%| F|  |TAMS 0x0000000094000000, 0x0000000094000000| Untracked 
| 321|0x0000000094100000, 0x0000000094100000, 0x0000000094200000|  0%| F|  |TAMS 0x0000000094100000, 0x0000000094100000| Untracked 
| 322|0x0000000094200000, 0x0000000094200000, 0x0000000094300000|  0%| F|  |TAMS 0x0000000094200000, 0x0000000094200000| Untracked 
| 323|0x0000000094300000, 0x0000000094300000, 0x0000000094400000|  0%| F|  |TAMS 0x0000000094300000, 0x0000000094300000| Untracked 
| 324|0x0000000094400000, 0x0000000094400000, 0x0000000094500000|  0%| F|  |TAMS 0x0000000094400000, 0x0000000094400000| Untracked 
| 325|0x0000000094500000, 0x0000000094500000, 0x0000000094600000|  0%| F|  |TAMS 0x0000000094500000, 0x0000000094500000| Untracked 
| 326|0x0000000094600000, 0x0000000094600000, 0x0000000094700000|  0%| F|  |TAMS 0x0000000094600000, 0x0000000094600000| Untracked 
| 327|0x0000000094700000, 0x0000000094700000, 0x0000000094800000|  0%| F|  |TAMS 0x0000000094700000, 0x0000000094700000| Untracked 
| 328|0x0000000094800000, 0x0000000094800000, 0x0000000094900000|  0%| F|  |TAMS 0x0000000094800000, 0x0000000094800000| Untracked 
| 329|0x0000000094900000, 0x0000000094900000, 0x0000000094a00000|  0%| F|  |TAMS 0x0000000094900000, 0x0000000094900000| Untracked 
| 330|0x0000000094a00000, 0x0000000094a00000, 0x0000000094b00000|  0%| F|  |TAMS 0x0000000094a00000, 0x0000000094a00000| Untracked 
| 331|0x0000000094b00000, 0x0000000094b00000, 0x0000000094c00000|  0%| F|  |TAMS 0x0000000094b00000, 0x0000000094b00000| Untracked 
| 332|0x0000000094c00000, 0x0000000094c00000, 0x0000000094d00000|  0%| F|  |TAMS 0x0000000094c00000, 0x0000000094c00000| Untracked 
| 333|0x0000000094d00000, 0x0000000094d00000, 0x0000000094e00000|  0%| F|  |TAMS 0x0000000094d00000, 0x0000000094d00000| Untracked 
| 334|0x0000000094e00000, 0x0000000094e00000, 0x0000000094f00000|  0%| F|  |TAMS 0x0000000094e00000, 0x0000000094e00000| Untracked 
| 335|0x0000000094f00000, 0x0000000094f00000, 0x0000000095000000|  0%| F|  |TAMS 0x0000000094f00000, 0x0000000094f00000| Untracked 
| 336|0x0000000095000000, 0x0000000095000000, 0x0000000095100000|  0%| F|  |TAMS 0x0000000095000000, 0x0000000095000000| Untracked 
| 337|0x0000000095100000, 0x0000000095100000, 0x0000000095200000|  0%| F|  |TAMS 0x0000000095100000, 0x0000000095100000| Untracked 
| 338|0x0000000095200000, 0x0000000095200000, 0x0000000095300000|  0%| F|  |TAMS 0x0000000095200000, 0x0000000095200000| Untracked 
| 339|0x0000000095300000, 0x0000000095300000, 0x0000000095400000|  0%| F|  |TAMS 0x0000000095300000, 0x0000000095300000| Untracked 

Card table byte_map: [0x0000000015c10000,0x0000000016010000] _byte_map_base: 0x0000000015810000

Marking Bits (Prev, Next): (CMBitMap*) 0x0000000000508a20, (CMBitMap*) 0x00000000005089e8
 Prev Bits: [0x0000000018410000, 0x000000001a410000)
 Next Bits: [0x0000000016410000, 0x0000000018410000)

Polling page: 0x0000000000430000

Metaspace:

Usage:
  Non-class:     90.79 MB capacity,    89.18 MB ( 98%) used,     1.31 MB (  1%) free+waste,   310.88 KB ( <1%) overhead. 
      Class:     14.22 MB capacity,    13.22 MB ( 93%) used,   884.17 KB (  6%) free+waste,   143.13 KB ( <1%) overhead. 
       Both:    105.01 MB capacity,   102.40 MB ( 98%) used,     2.17 MB (  2%) free+waste,   454.00 KB ( <1%) overhead. 

Virtual space:
  Non-class space:       92.00 MB reserved,      91.25 MB (>99%) committed 
      Class space:        1.00 GB reserved,      14.50 MB (  1%) committed 
             Both:        1.09 GB reserved,     105.75 MB (  9%) committed 

Chunk freelists:
   Non-Class:  275.00 KB
       Class:  222.00 KB
        Both:  497.00 KB

MaxMetaspaceSize: 17179869184.00 GB
CompressedClassSpaceSize: 1.00 GB

CodeHeap 'non-profiled nmethods': size=120064Kb used=7971Kb max_used=7971Kb free=112092Kb
 bounds [0x000000000dae0000, 0x000000000e2b0000, 0x0000000015020000]
CodeHeap 'profiled nmethods': size=120000Kb used=30351Kb max_used=30351Kb free=89648Kb
 bounds [0x00000000065b0000, 0x0000000008360000, 0x000000000dae0000]
CodeHeap 'non-nmethods': size=5696Kb used=2285Kb max_used=2329Kb free=3410Kb
 bounds [0x0000000006020000, 0x0000000006290000, 0x00000000065b0000]
 total_blobs=14609 nmethods=13700 adapters=821
 compilation: enabled
              stopped_count=0, restarted_count=0
 full_count=0

Compilation events (20 events):
Event: 162.724 Thread 0x000000005d8dd000 13961       2       com.android.tools.r8.utils.S$$Lambda$1601/0x000000001ddf0c40::compare (14 bytes)
Event: 162.724 Thread 0x000000005d8dd000 nmethod 13961 0x0000000008350390 code [0x0000000008350560, 0x0000000008350728]
Event: 162.724 Thread 0x000000005d8dd000 13962       2       com.android.tools.r8.graph.S$c::compareTo (9 bytes)
Event: 162.725 Thread 0x000000005d8dd000 nmethod 13962 0x0000000008350810 code [0x00000000083509e0, 0x0000000008350c08]
Event: 162.748 Thread 0x000000005d8dd000 13963       2       java.util.Comparators$NullComparator::compare (65 bytes)
Event: 162.749 Thread 0x000000005d8dd000 nmethod 13963 0x0000000008350d90 code [0x0000000008350f40, 0x0000000008351108]
Event: 162.778 Thread 0x000000005d8dd000 13968       2       com.android.tools.r8.graph.t0$r::equals (12 bytes)
Event: 162.779 Thread 0x000000005d8dd000 nmethod 13968 0x0000000008351190 code [0x0000000008351340, 0x0000000008351498]
Event: 162.810 Thread 0x000000005d8dc000 nmethod 13916% 0x000000000e2a5990 code [0x000000000e2a5be0, 0x000000000e2a79b8]
Event: 162.810 Thread 0x000000005d8dc000 13967       4       com.android.tools.r8.w.a.a.a.h.N::containsKey (80 bytes)
Event: 162.815 Thread 0x000000005d8dc000 nmethod 13967 0x000000000e2a8810 code [0x000000000e2a89c0, 0x000000000e2a8bd8]
Event: 162.815 Thread 0x000000005d8dc000 13744       4       com.android.tools.r8.graph.E::a (32 bytes)
Event: 162.824 Thread 0x000000005d8dd000 13972       2       com.android.tools.r8.graph.v1::e (10 bytes)
Event: 162.824 Thread 0x000000005d8dd000 nmethod 13972 0x0000000008351510 code [0x00000000083516c0, 0x00000000083517e8]
Event: 162.825 Thread 0x000000005d8dd000 13973       2       com.android.tools.r8.graph.V$$Lambda$1598/0x000000001ddf0040::compare (12 bytes)
Event: 162.825 Thread 0x000000005d8dd000 nmethod 13973 0x0000000008351890 code [0x0000000008351a40, 0x0000000008351bc8]
Event: 162.841 Thread 0x000000005d8dd000 13974       2       com.android.tools.r8.graph.i1::b (55 bytes)
Event: 162.841 Thread 0x000000005d8dd000 nmethod 13974 0x0000000008351d10 code [0x0000000008351ec0, 0x0000000008352008]
Event: 162.898 Thread 0x000000005d8dd000 13975 %     3       com.android.tools.r8.w.a.a.a.h.V0::g @ 112 (323 bytes)
Event: 162.900 Thread 0x000000005d8dd000 nmethod 13975% 0x0000000008352110 code [0x00000000083523e0, 0x00000000083535d8]

GC Heap History (20 events):
Event: 157.401 GC heap after
{Heap after GC invocations=125 (full 0):
 garbage-first heap   total 128000K, used 119624K [0x0000000080000000, 0x0000000100000000)
  region size 1024K, 1 young (1024K), 1 survivors (1024K)
 Metaspace       used 104038K, capacity 106811K, committed 107008K, reserved 1142784K
  class space    used 13501K, capacity 14573K, committed 14592K, reserved 1048576K
}
Event: 157.465 GC heap before
{Heap before GC invocations=125 (full 0):
 garbage-first heap   total 128000K, used 124744K [0x0000000080000000, 0x0000000100000000)
  region size 1024K, 6 young (6144K), 1 survivors (1024K)
 Metaspace       used 104044K, capacity 106812K, committed 107008K, reserved 1142784K
  class space    used 13501K, capacity 14573K, committed 14592K, reserved 1048576K
}
Event: 157.480 GC heap after
{Heap after GC invocations=126 (full 0):
 garbage-first heap   total 129024K, used 122778K [0x0000000080000000, 0x0000000100000000)
  region size 1024K, 1 young (1024K), 1 survivors (1024K)
 Metaspace       used 104044K, capacity 106812K, committed 107008K, reserved 1142784K
  class space    used 13501K, capacity 14573K, committed 14592K, reserved 1048576K
}
Event: 157.526 GC heap before
{Heap before GC invocations=126 (full 0):
 garbage-first heap   total 129024K, used 127898K [0x0000000080000000, 0x0000000100000000)
  region size 1024K, 6 young (6144K), 1 survivors (1024K)
 Metaspace       used 104044K, capacity 106812K, committed 107008K, reserved 1142784K
  class space    used 13501K, capacity 14573K, committed 14592K, reserved 1048576K
}
Event: 157.549 GC heap after
{Heap after GC invocations=127 (full 0):
 garbage-first heap   total 174080K, used 125292K [0x0000000080000000, 0x0000000100000000)
  region size 1024K, 1 young (1024K), 1 survivors (1024K)
 Metaspace       used 104044K, capacity 106812K, committed 107008K, reserved 1142784K
  class space    used 13501K, capacity 14573K, committed 14592K, reserved 1048576K
}
Event: 158.052 GC heap before
{Heap before GC invocations=128 (full 0):
 garbage-first heap   total 174080K, used 135532K [0x0000000080000000, 0x0000000100000000)
  region size 1024K, 13 young (13312K), 1 survivors (1024K)
 Metaspace       used 104323K, capacity 106990K, committed 107776K, reserved 1142784K
  class space    used 13530K, capacity 14527K, committed 14848K, reserved 1048576K
}
Event: 158.076 GC heap after
{Heap after GC invocations=129 (full 0):
 garbage-first heap   total 174080K, used 129122K [0x0000000080000000, 0x0000000100000000)
  region size 1024K, 2 young (2048K), 2 survivors (2048K)
 Metaspace       used 104323K, capacity 106990K, committed 107776K, reserved 1142784K
  class space    used 13530K, capacity 14527K, committed 14848K, reserved 1048576K
}
Event: 158.244 GC heap before
{Heap before GC invocations=129 (full 0):
 garbage-first heap   total 174080K, used 135266K [0x0000000080000000, 0x0000000100000000)
  region size 1024K, 8 young (8192K), 2 survivors (2048K)
 Metaspace       used 104424K, capacity 107058K, committed 107776K, reserved 1142784K
  class space    used 13530K, capacity 14527K, committed 14848K, reserved 1048576K
}
Event: 158.277 GC heap after
{Heap after GC invocations=130 (full 0):
 garbage-first heap   total 174080K, used 123898K [0x0000000080000000, 0x0000000100000000)
  region size 1024K, 1 young (1024K), 1 survivors (1024K)
 Metaspace       used 104424K, capacity 107058K, committed 107776K, reserved 1142784K
  class space    used 13530K, capacity 14527K, committed 14848K, reserved 1048576K
}
Event: 158.571 GC heap before
{Heap before GC invocations=130 (full 0):
 garbage-first heap   total 174080K, used 137210K [0x0000000080000000, 0x0000000100000000)
  region size 1024K, 14 young (14336K), 1 survivors (1024K)
 Metaspace       used 104489K, capacity 107127K, committed 107776K, reserved 1142784K
  class space    used 13530K, capacity 14527K, committed 14848K, reserved 1048576K
}
Event: 158.605 GC heap after
{Heap after GC invocations=131 (full 0):
 garbage-first heap   total 174080K, used 131978K [0x0000000080000000, 0x0000000100000000)
  region size 1024K, 2 young (2048K), 2 survivors (2048K)
 Metaspace       used 104489K, capacity 107127K, committed 107776K, reserved 1142784K
  class space    used 13530K, capacity 14527K, committed 14848K, reserved 1048576K
}
Event: 158.757 GC heap before
{Heap before GC invocations=131 (full 0):
 garbage-first heap   total 174080K, used 141194K [0x0000000080000000, 0x0000000100000000)
  region size 1024K, 12 young (12288K), 2 survivors (2048K)
 Metaspace       used 104504K, capacity 107130K, committed 107776K, reserved 1142784K
  class space    used 13530K, capacity 14527K, committed 14848K, reserved 1048576K
}
Event: 158.793 GC heap after
{Heap after GC invocations=132 (full 0):
 garbage-first heap   total 348160K, used 138540K [0x0000000080000000, 0x0000000100000000)
  region size 1024K, 2 young (2048K), 2 survivors (2048K)
 Metaspace       used 104504K, capacity 107130K, committed 107776K, reserved 1142784K
  class space    used 13530K, capacity 14527K, committed 14848K, reserved 1048576K
}
Event: 161.066 GC heap before
{Heap before GC invocations=132 (full 0):
 garbage-first heap   total 348160K, used 196908K [0x0000000080000000, 0x0000000100000000)
  region size 1024K, 59 young (60416K), 2 survivors (2048K)
 Metaspace       used 104752K, capacity 107457K, committed 108032K, reserved 1142784K
  class space    used 13534K, capacity 14562K, committed 14848K, reserved 1048576K
}
Event: 161.631 GC heap after
{Heap after GC invocations=133 (full 0):
 garbage-first heap   total 348160K, used 160036K [0x0000000080000000, 0x0000000100000000)
  region size 1024K, 8 young (8192K), 8 survivors (8192K)
 Metaspace       used 104752K, capacity 107457K, committed 108032K, reserved 1142784K
  class space    used 13534K, capacity 14562K, committed 14848K, reserved 1048576K
}
Event: 161.910 GC heap before
{Heap before GC invocations=133 (full 0):
 garbage-first heap   total 348160K, used 173348K [0x0000000080000000, 0x0000000100000000)
  region size 1024K, 17 young (17408K), 8 survivors (8192K)
 Metaspace       used 104765K, capacity 107462K, committed 108032K, reserved 1142784K
  class space    used 13534K, capacity 14562K, committed 14848K, reserved 1048576K
}
Event: 161.963 GC heap after
{Heap after GC invocations=134 (full 0):
 garbage-first heap   total 348160K, used 168590K [0x0000000080000000, 0x0000000100000000)
  region size 1024K, 3 young (3072K), 3 survivors (3072K)
 Metaspace       used 104765K, capacity 107462K, committed 108032K, reserved 1142784K
  class space    used 13534K, capacity 14562K, committed 14848K, reserved 1048576K
}
Event: 162.728 GC heap before
{Heap before GC invocations=134 (full 0):
 garbage-first heap   total 348160K, used 184974K [0x0000000080000000, 0x0000000100000000)
  region size 1024K, 17 young (17408K), 3 survivors (3072K)
 Metaspace       used 104855K, capacity 107535K, committed 108288K, reserved 1142784K
  class space    used 13534K, capacity 14562K, committed 14848K, reserved 1048576K
}
Event: 162.747 GC heap after
{Heap after GC invocations=135 (full 0):
 garbage-first heap   total 348160K, used 174464K [0x0000000080000000, 0x0000000100000000)
  region size 1024K, 3 young (3072K), 3 survivors (3072K)
 Metaspace       used 104855K, capacity 107535K, committed 108288K, reserved 1142784K
  class space    used 13534K, capacity 14562K, committed 14848K, reserved 1048576K
}
Event: 162.914 GC heap before
{Heap before GC invocations=135 (full 0):
 garbage-first heap   total 348160K, used 194944K [0x0000000080000000, 0x0000000100000000)
  region size 1024K, 23 young (23552K), 3 survivors (3072K)
 Metaspace       used 104859K, capacity 107535K, committed 108288K, reserved 1142784K
  class space    used 13534K, capacity 14562K, committed 14848K, reserved 1048576K
}

Deoptimization events (20 events):
Event: 162.131 Thread 0x000000006341d800 DEOPT PACKING pc=0x00000000083151db sp=0x00000000699de820
Event: 162.131 Thread 0x000000006341d800 DEOPT UNPACKING pc=0x000000000604673f sp=0x00000000699ddd08 mode 0
Event: 162.141 Thread 0x000000006341d800 DEOPT PACKING pc=0x000000000831754c sp=0x00000000699de810
Event: 162.141 Thread 0x000000006341d800 DEOPT UNPACKING pc=0x000000000604673f sp=0x00000000699ddd00 mode 0
Event: 162.554 Thread 0x000000006341d800 DEOPT PACKING pc=0x0000000008342f5c sp=0x00000000699deb70
Event: 162.554 Thread 0x000000006341d800 DEOPT UNPACKING pc=0x000000000604673f sp=0x00000000699de098 mode 0
Event: 162.572 Thread 0x000000006341d800 DEOPT PACKING pc=0x0000000007bcbe17 sp=0x00000000699de960
Event: 162.572 Thread 0x000000006341d800 DEOPT UNPACKING pc=0x000000000604673f sp=0x00000000699dde00 mode 0
Event: 162.582 Thread 0x000000006341d800 DEOPT PACKING pc=0x0000000007bcbe17 sp=0x00000000699de960
Event: 162.582 Thread 0x000000006341d800 DEOPT UNPACKING pc=0x000000000604673f sp=0x00000000699dde00 mode 0
Event: 162.587 Thread 0x000000006341d800 DEOPT PACKING pc=0x0000000007bcbe17 sp=0x00000000699de960
Event: 162.587 Thread 0x000000006341d800 DEOPT UNPACKING pc=0x000000000604673f sp=0x00000000699dde00 mode 0
Event: 162.596 Thread 0x000000006341d800 DEOPT PACKING pc=0x0000000007bcbe17 sp=0x00000000699de960
Event: 162.596 Thread 0x000000006341d800 DEOPT UNPACKING pc=0x000000000604673f sp=0x00000000699dde00 mode 0
Event: 162.602 Thread 0x000000006341d800 DEOPT PACKING pc=0x0000000007bcbe17 sp=0x00000000699de960
Event: 162.602 Thread 0x000000006341d800 DEOPT UNPACKING pc=0x000000000604673f sp=0x00000000699dde00 mode 0
Event: 162.606 Thread 0x000000006341d800 DEOPT PACKING pc=0x0000000007bcbe17 sp=0x00000000699de960
Event: 162.606 Thread 0x000000006341d800 DEOPT UNPACKING pc=0x000000000604673f sp=0x00000000699dde00 mode 0
Event: 162.622 Thread 0x000000006341d800 DEOPT PACKING pc=0x0000000007bcbe17 sp=0x00000000699de960
Event: 162.622 Thread 0x000000006341d800 DEOPT UNPACKING pc=0x000000000604673f sp=0x00000000699dde00 mode 0

Classes redefined (0 events):
No events

Internal exceptions (20 events):
Event: 155.873 Thread 0x000000006442e800 Exception <a 'java/lang/NoSuchMethodError'{0x0000000087113730}: 'java.lang.Object java.lang.invoke.Invokers$Holder.linkToTargetMethod(java.lang.Object, java.lang.Object, java.lang.Object, java.lang.Object, java.lang.Object, java.lang.Object, java.lang.Object, java.lang.Object, java.lang.Object)'> (0x0000000087113730) thrown at [./src/hotspot/share/interpreter/linkResolver.cpp, line 773]
Event: 155.874 Thread 0x0000000063420000 Exception <a 'java/lang/NoSuchMethodError'{0x00000000871096b8}: 'java.lang.Object java.lang.invoke.Invokers$Holder.linkToTargetMethod(java.lang.Object, java.lang.Object, java.lang.Object, java.lang.Object, java.lang.Object, java.lang.Object, java.lang.Object, java.lang.Object, java.lang.Object)'> (0x00000000871096b8) thrown at [./src/hotspot/share/interpreter/linkResolver.cpp, line 773]
Event: 156.037 Thread 0x000000006442e800 Exception <a 'java/lang/NoSuchMethodError'{0x000000008748c978}: 'void java.lang.invoke.DirectMethodHandle$Holder.invokeVirtual(java.lang.Object, java.lang.Object, int)'> (0x000000008748c978) thrown at [./src/hotspot/share/interpreter/linkResolver.cpp, line 773]
Event: 156.037 Thread 0x0000000063420000 Exception <a 'java/lang/NoSuchMethodError'{0x000000008746ee98}: 'void java.lang.invoke.DirectMethodHandle$Holder.invokeVirtual(java.lang.Object, java.lang.Object, int)'> (0x000000008746ee98) thrown at [./src/hotspot/share/interpreter/linkResolver.cpp, line 773]
Event: 156.070 Thread 0x0000000063420000 Exception <a 'sun/nio/fs/WindowsException'{0x0000000087370ad0}> (0x0000000087370ad0) thrown at [./src/hotspot/share/prims/jni.cpp, line 615]
Event: 156.070 Thread 0x000000006442e800 Exception <a 'sun/nio/fs/WindowsException'{0x0000000087367e68}> (0x0000000087367e68) thrown at [./src/hotspot/share/prims/jni.cpp, line 615]
Event: 156.088 Thread 0x000000006442e800 Exception <a 'sun/nio/fs/WindowsException'{0x00000000873c8a30}> (0x00000000873c8a30) thrown at [./src/hotspot/share/prims/jni.cpp, line 615]
Event: 156.112 Thread 0x000000006442e800 Exception <a 'sun/nio/fs/WindowsException'{0x00000000873dd3e0}> (0x00000000873dd3e0) thrown at [./src/hotspot/share/prims/jni.cpp, line 615]
Event: 156.143 Thread 0x0000000063420000 Exception <a 'sun/nio/fs/WindowsException'{0x00000000873edad0}> (0x00000000873edad0) thrown at [./src/hotspot/share/prims/jni.cpp, line 615]
Event: 156.157 Thread 0x0000000063420000 Exception <a 'sun/nio/fs/WindowsException'{0x0000000087645bb8}> (0x0000000087645bb8) thrown at [./src/hotspot/share/prims/jni.cpp, line 615]
Event: 156.161 Thread 0x0000000063420000 Exception <a 'sun/nio/fs/WindowsException'{0x0000000087699540}> (0x0000000087699540) thrown at [./src/hotspot/share/prims/jni.cpp, line 615]
Event: 156.165 Thread 0x0000000063420000 Exception <a 'sun/nio/fs/WindowsException'{0x00000000876e27d0}> (0x00000000876e27d0) thrown at [./src/hotspot/share/prims/jni.cpp, line 615]
Event: 156.166 Thread 0x000000006442e800 Exception <a 'sun/nio/fs/WindowsException'{0x000000008764bad8}> (0x000000008764bad8) thrown at [./src/hotspot/share/prims/jni.cpp, line 615]
Event: 156.177 Thread 0x000000006442e800 Exception <a 'sun/nio/fs/WindowsException'{0x00000000876e8428}> (0x00000000876e8428) thrown at [./src/hotspot/share/prims/jni.cpp, line 615]
Event: 156.185 Thread 0x000000006442e800 Exception <a 'sun/nio/fs/WindowsException'{0x00000000876efa18}> (0x00000000876efa18) thrown at [./src/hotspot/share/prims/jni.cpp, line 615]
Event: 156.193 Thread 0x0000000063420000 Exception <a 'sun/nio/fs/WindowsException'{0x00000000875c23e8}> (0x00000000875c23e8) thrown at [./src/hotspot/share/prims/jni.cpp, line 615]
Event: 156.196 Thread 0x000000006442e800 Exception <a 'sun/nio/fs/WindowsException'{0x00000000876f8d98}> (0x00000000876f8d98) thrown at [./src/hotspot/share/prims/jni.cpp, line 615]
Event: 156.219 Thread 0x0000000063420000 Exception <a 'sun/nio/fs/WindowsException'{0x00000000875da838}> (0x00000000875da838) thrown at [./src/hotspot/share/prims/jni.cpp, line 615]
Event: 156.422 Thread 0x00000000634d6000 Exception <a 'java/lang/NoSuchMethodError'{0x00000000873ca9d8}: <clinit>> (0x00000000873ca9d8) thrown at [./src/hotspot/share/prims/jni.cpp, line 1362]
Event: 157.067 Thread 0x0000000063420000 Exception <a 'sun/nio/fs/WindowsException'{0x00000000873a9990}> (0x00000000873a9990) thrown at [./src/hotspot/share/prims/jni.cpp, line 615]

Events (20 events):
Event: 159.162 Executing coalesced safepoint VM operation: RevokeBias
Event: 159.162 Executing coalesced safepoint VM operation: RevokeBias done
Event: 159.162 Executing VM operation: BulkRevokeBias done
Event: 159.273 loading class com/android/tools/r8/graph/v1
Event: 159.273 loading class com/android/tools/r8/graph/v1 done
Event: 159.274 loading class com/android/tools/r8/graph/e0
Event: 159.274 loading class com/android/tools/r8/graph/e0 done
Event: 159.274 loading class com/android/tools/r8/graph/v1
Event: 159.274 loading class com/android/tools/r8/graph/v1 done
Event: 159.415 loading class com/android/tools/r8/naming/b
Event: 159.415 loading class com/android/tools/r8/naming/b done
Event: 160.450 loading class com/android/tools/r8/graph/n0
Event: 160.450 loading class com/android/tools/r8/graph/n0 done
Event: 161.066 Executing VM operation: G1CollectForAllocation
Event: 161.631 Executing VM operation: G1CollectForAllocation done
Event: 161.910 Executing VM operation: G1CollectForAllocation
Event: 161.964 Executing VM operation: G1CollectForAllocation done
Event: 162.727 Executing VM operation: G1CollectForAllocation
Event: 162.747 Executing VM operation: G1CollectForAllocation done
Event: 162.914 Executing VM operation: G1CollectForAllocation


Dynamic libraries:
0x000000013fbd0000 - 0x000000013fbda000 	C:\Program Files\Android\Android Studio\jre\bin\java.exe
0x0000000076ef0000 - 0x000000007708f000 	C:\Windows\SYSTEM32\ntdll.dll
0x0000000076cd0000 - 0x0000000076def000 	C:\Windows\system32\kernel32.dll
0x000007fefcd90000 - 0x000007fefcdf7000 	C:\Windows\system32\KERNELBASE.dll
0x000007fef4d30000 - 0x000007fef4d49000 	C:\Program Files\Android\Android Studio\jre\bin\jli.dll
0x000007fefb460000 - 0x000007fefb655000 	C:\Windows\WinSxS\amd64_microsoft.windows.common-controls_6595b64144ccf1df_6.0.7601.24483_none_e372d88f30fbb845\COMCTL32.dll
0x000007fefd7d0000 - 0x000007fefd86f000 	C:\Windows\system32\msvcrt.dll
0x000007feff170000 - 0x000007feff1d7000 	C:\Windows\system32\GDI32.dll
0x0000000076df0000 - 0x0000000076eeb000 	C:\Windows\system32\USER32.dll
0x000007fefdce0000 - 0x000007fefdcee000 	C:\Windows\system32\LPK.dll
0x000007fefcea0000 - 0x000007fefcf6b000 	C:\Windows\system32\USP10.dll
0x000007fefdc10000 - 0x000007fefdc81000 	C:\Windows\system32\SHLWAPI.dll
0x000007fef1fa0000 - 0x000007fef1fb7000 	C:\Program Files\Android\Android Studio\jre\bin\VCRUNTIME140.dll
0x000007fef8e30000 - 0x000007fef8e34000 	C:\Windows\system32\api-ms-win-crt-runtime-l1-1-0.dll
0x000007fef8d30000 - 0x000007fef8e24000 	C:\Windows\system32\ucrtbase.DLL
0x000007fef8d20000 - 0x000007fef8d23000 	C:\Windows\system32\api-ms-win-core-timezone-l1-1-0.dll
0x000007fef8d10000 - 0x000007fef8d13000 	C:\Windows\system32\api-ms-win-core-file-l2-1-0.dll
0x000007fef8d00000 - 0x000007fef8d03000 	C:\Windows\system32\api-ms-win-core-localization-l1-2-0.dll
0x000007fef9060000 - 0x000007fef9063000 	C:\Windows\system32\api-ms-win-core-synch-l1-2-0.dll
0x000007fef8cf0000 - 0x000007fef8cf3000 	C:\Windows\system32\api-ms-win-core-processthreads-l1-1-1.dll
0x000007fef8ce0000 - 0x000007fef8ce3000 	C:\Windows\system32\api-ms-win-core-file-l1-2-0.dll
0x000007fef8cc0000 - 0x000007fef8cc4000 	C:\Windows\system32\api-ms-win-crt-string-l1-1-0.dll
0x000007fef8cd0000 - 0x000007fef8cd3000 	C:\Windows\system32\api-ms-win-crt-heap-l1-1-0.dll
0x000007fef8cb0000 - 0x000007fef8cb4000 	C:\Windows\system32\api-ms-win-crt-stdio-l1-1-0.dll
0x000007fef8ca0000 - 0x000007fef8ca4000 	C:\Windows\system32\api-ms-win-crt-convert-l1-1-0.dll
0x000007fef8c50000 - 0x000007fef8c53000 	C:\Windows\system32\api-ms-win-crt-environment-l1-1-0.dll
0x000007fef8c70000 - 0x000007fef8c73000 	C:\Windows\system32\api-ms-win-crt-filesystem-l1-1-0.dll
0x000007fef8c40000 - 0x000007fef8c45000 	C:\Windows\system32\api-ms-win-crt-math-l1-1-0.dll
0x000007fef8c80000 - 0x000007fef8c83000 	C:\Windows\system32\api-ms-win-crt-locale-l1-1-0.dll
0x000007fefcf70000 - 0x000007fefcf9e000 	C:\Windows\system32\IMM32.DLL
0x000007fefdb00000 - 0x000007fefdc0b000 	C:\Windows\system32\MSCTF.dll
0x000007feee810000 - 0x000007feee8ad000 	C:\Program Files\Android\Android Studio\jre\bin\msvcp140.dll
0x000007fef8760000 - 0x000007fef8765000 	C:\Windows\system32\api-ms-win-crt-multibyte-l1-1-0.dll
0x000007fef8c60000 - 0x000007fef8c63000 	C:\Windows\system32\api-ms-win-crt-time-l1-1-0.dll
0x000007fef8c30000 - 0x000007fef8c33000 	C:\Windows\system32\api-ms-win-crt-utility-l1-1-0.dll
0x000007fee9950000 - 0x000007feea41f000 	C:\Program Files\Android\Android Studio\jre\bin\server\jvm.dll
0x000007fefda20000 - 0x000007fefdafb000 	C:\Windows\system32\ADVAPI32.dll
0x000007fefd7b0000 - 0x000007fefd7cf000 	C:\Windows\SYSTEM32\sechost.dll
0x000007fefd8f0000 - 0x000007fefda1c000 	C:\Windows\system32\RPCRT4.dll
0x000007fef78d0000 - 0x000007fef78d9000 	C:\Windows\system32\WSOCK32.dll
0x000007fefdc90000 - 0x000007fefdcdd000 	C:\Windows\system32\WS2_32.dll
0x000007fefd290000 - 0x000007fefd298000 	C:\Windows\system32\NSI.dll
0x000007fef6600000 - 0x000007fef663b000 	C:\Windows\system32\WINMM.dll
0x000007fefbb20000 - 0x000007fefbb2c000 	C:\Windows\system32\VERSION.dll
0x00000000770a0000 - 0x00000000770a7000 	C:\Windows\system32\PSAPI.DLL
0x000007fefa810000 - 0x000007fefa821000 	C:\Program Files\Android\Android Studio\jre\bin\verify.dll
0x000007fef8780000 - 0x000007fef88a5000 	C:\Windows\system32\DBGHELP.DLL
0x000007fefa7e0000 - 0x000007fefa809000 	C:\Program Files\Android\Android Studio\jre\bin\java.dll
0x000007fefb950000 - 0x000007fefb95b000 	C:\Program Files\Android\Android Studio\jre\bin\jimage.dll
0x000007fef7110000 - 0x000007fef7128000 	C:\Program Files\Android\Android Studio\jre\bin\zip.dll
0x000007fefdcf0000 - 0x000007fefea7b000 	C:\Windows\system32\SHELL32.dll
0x000007fefd5b0000 - 0x000007fefd7af000 	C:\Windows\system32\ole32.dll
0x000007fefca50000 - 0x000007fefca5f000 	C:\Windows\system32\profapi.dll
0x000007fef7090000 - 0x000007fef70aa000 	C:\Program Files\Android\Android Studio\jre\bin\net.dll
0x000007fef9380000 - 0x000007fef93f1000 	C:\Windows\system32\WINHTTP.dll
0x000007fef92f0000 - 0x000007fef9355000 	C:\Windows\system32\webio.dll
0x000007fefc1c0000 - 0x000007fefc215000 	C:\Windows\system32\mswsock.dll
0x000007fefc1b0000 - 0x000007fefc1b7000 	C:\Windows\System32\wship6.dll
0x000007fef58b0000 - 0x000007fef58c4000 	C:\Program Files\Android\Android Studio\jre\bin\nio.dll
0x000007fef4f70000 - 0x000007fef4f97000 	C:\Users\PC\.gradle\native\fdc75f09e3144964f2cf3f50f0aa648679c211496f362492102eb8c894070792\windows-amd64\native-platform.dll
0x000007fef48f0000 - 0x000007fef4a86000 	C:\Users\PC\.gradle\native\12488b8bf47d2d4c9fbf2f6322a914ad602e24e48041cd04a747c6da556b65c4\windows-amd64\native-platform-file-events.dll
0x000007fef7100000 - 0x000007fef710a000 	C:\Program Files\Android\Android Studio\jre\bin\management.dll
0x000007fef7080000 - 0x000007fef708c000 	C:\Program Files\Android\Android Studio\jre\bin\management_ext.dll
0x000007fefc220000 - 0x000007fefc238000 	C:\Windows\system32\CRYPTSP.dll
0x000007fefbf20000 - 0x000007fefbf67000 	C:\Windows\system32\rsaenh.dll
0x000007fefcac0000 - 0x000007fefcadf000 	C:\Windows\system32\USERENV.dll
0x000007fefc8e0000 - 0x000007fefc8ef000 	C:\Windows\system32\CRYPTBASE.dll
0x000007fefa0a0000 - 0x000007fefa0c7000 	C:\Windows\system32\IPHLPAPI.DLL
0x000007fefa090000 - 0x000007fefa09b000 	C:\Windows\system32\WINNSI.DLL
0x000007fef9d90000 - 0x000007fef9da8000 	C:\Windows\system32\dhcpcsvc.DLL
0x000007fef9a20000 - 0x000007fef9a31000 	C:\Windows\system32\dhcpcsvc6.DLL
0x000007fefc880000 - 0x000007fefc8d7000 	C:\Windows\system32\apphelp.dll

dbghelp: loaded successfully - version: 4.0.5 - missing functions: none
symbol engine: initialized successfully - sym options: 0x614 - pdb path: .;C:\Program Files\Android\Android Studio\jre\bin;C:\Windows\SYSTEM32;C:\Windows\WinSxS\amd64_microsoft.windows.common-controls_6595b64144ccf1df_6.0.7601.24483_none_e372d88f30fbb845;C:\Program Files\Android\Android Studio\jre\bin\server;C:\Users\PC\.gradle\native\fdc75f09e3144964f2cf3f50f0aa648679c211496f362492102eb8c894070792\windows-amd64;C:\Users\PC\.gradle\native\12488b8bf47d2d4c9fbf2f6322a914ad602e24e48041cd04a747c6da556b65c4\windows-amd64

VM Arguments:
jvm_args: --add-opens=java.base/java.util=ALL-UNNAMED --add-opens=java.base/java.lang=ALL-UNNAMED --add-opens=java.base/java.lang.invoke=ALL-UNNAMED --add-opens=java.prefs/java.util.prefs=ALL-UNNAMED -Xmx2048m -Dfile.encoding=UTF-8 -Duser.country=US -Duser.language=en -Duser.variant 
java_command: org.gradle.launcher.daemon.bootstrap.GradleDaemon 6.7.1
java_class_path (initial): C:\Users\PC\.gradle\wrapper\dists\gradle-6.7.1-bin\bwlcbys1h7rz3272sye1xwiv6\gradle-6.7.1\lib\gradle-launcher-6.7.1.jar
Launcher Type: SUN_STANDARD

[Global flags]
     intx CICompilerCount                          = 3                                         {product} {ergonomic}
     uint ConcGCThreads                            = 1                                         {product} {ergonomic}
     uint G1ConcRefinementThreads                  = 4                                         {product} {ergonomic}
   size_t G1HeapRegionSize                         = 1048576                                   {product} {ergonomic}
    uintx GCDrainStackTargetSize                   = 64                                        {product} {ergonomic}
   size_t InitialHeapSize                          = 48234496                                  {product} {ergonomic}
   size_t MarkStackSize                            = 4194304                                   {product} {ergonomic}
   size_t MaxHeapSize                              = 2147483648                                {product} {command line}
   size_t MaxNewSize                               = 1287651328                                {product} {ergonomic}
   size_t MinHeapDeltaBytes                        = 1048576                                   {product} {ergonomic}
    uintx NonNMethodCodeHeapSize                   = 5830732                                {pd product} {ergonomic}
    uintx NonProfiledCodeHeapSize                  = 122913754                              {pd product} {ergonomic}
    uintx ProfiledCodeHeapSize                     = 122913754                              {pd product} {ergonomic}
    uintx ReservedCodeCacheSize                    = 251658240                              {pd product} {ergonomic}
     bool SegmentedCodeCache                       = true                                      {product} {ergonomic}
     bool UseCompressedClassPointers               = true                                 {lp64_product} {ergonomic}
     bool UseCompressedOops                        = true                                 {lp64_product} {ergonomic}
     bool UseG1GC                                  = true                                      {product} {ergonomic}
     bool UseLargePagesIndividualAllocation        = false                                  {pd product} {ergonomic}

Logging:
Log output configuration:
 #0: stdout all=warning uptime,level,tags
 #1: stderr all=off uptime,level,tags

Environment Variables:
PATH=C:\Program Files\Common Files\Oracle\Java\javapath;C:\Program Files (x86)\Common Files\Oracle\Java\javapath;C:\Windows\system32;C:\Windows;C:\Windows\System32\Wbem;C:\Windows\System32\WindowsPowerShell\v1.0\;C:\Program Files\Git\cmd\;C:\MinGW\bin;C:\Users\PC\AppData\Local\Programs\Python\Python38\Scripts\;C:\Users\PC\AppData\Local\Programs\Python\Python38\;C:\Program Files\MySQL\MySQL Shell 8.0\bin\;C:\Users\PC\AppData\Local\Programs\Microsoft VS Code\bin
USERNAME=PC
OS=Windows_NT
PROCESSOR_IDENTIFIER=Intel64 Family 6 Model 37 Stepping 5, GenuineIntel



---------------  S Y S T E M  ---------------

OS: Windows 7 , 64 bit Build 7601 (6.1.7601.24545)
OS uptime: 1 days 0:41 hours

CPU:total 4 (initial active 4) (2 cores per cpu, 2 threads per core) family 6 model 37 stepping 5 microcode 0x0, cmov, cx8, fxsr, mmx, sse, sse2, sse3, ssse3, sse4.1, sse4.2, popcnt, ht, tsc, tscinvbit

Memory: 4k page, system-wide physical 2932M (179M free)
TotalPageFile size 6588M (AvailPageFile size 678M)
current process WorkingSet (physical memory assigned to process): 488M, peak: 491M
current process commit charge ("private bytes"): 660M, peak: 1340M

vm_info: OpenJDK 64-Bit Server VM (11.0.10+0-b96-7249189) for windows-amd64 JRE (11.0.10+0-b96-7249189), built on Mar 31 2021 21:44:00 by "builder" with MS VC++ 14.0 (VS2015)

END.
